{"/home/travis/build/npmtest/node-npmtest-httpp-proxy/test.js":{"path":"/home/travis/build/npmtest/node-npmtest-httpp-proxy/test.js","s":{"1":2,"2":2,"3":2,"4":2,"5":2,"6":2,"7":2,"8":1,"9":2,"10":2,"11":1,"12":1,"13":1,"14":1,"15":2,"16":2,"17":2,"18":2,"19":1,"20":1,"21":2,"22":2,"23":2,"24":1,"25":1,"26":1,"27":1,"28":1,"29":1,"30":1,"31":1,"32":1,"33":1,"34":1,"35":1,"36":1,"37":1,"38":1,"39":2,"40":2,"41":1,"42":2,"43":2,"44":1,"45":2,"46":2,"47":1,"48":2,"49":2,"50":1,"51":1,"52":1,"53":1,"54":1},"b":{"1":[2,1,1,1],"2":[1,1,1,1],"3":[1,1],"4":[1,1],"5":[1,1],"6":[1,1],"7":[1,1],"8":[1,1],"9":[1,1],"10":[1,1,1],"11":[1,1],"12":[1,1],"13":[1,1],"14":[1,1],"15":[1,1],"16":[1,1],"17":[1,1]},"f":{"1":2,"2":2,"3":2,"4":2,"5":2,"6":1,"7":1,"8":1,"9":2,"10":2,"11":2,"12":2,"13":1},"fnMap":{"1":{"name":"(anonymous_1)","line":12,"loc":{"start":{"line":12,"column":1},"end":{"line":12,"column":13}}},"2":{"name":"(anonymous_2)","line":19,"loc":{"start":{"line":19,"column":5},"end":{"line":19,"column":17}}},"3":{"name":"(anonymous_3)","line":23,"loc":{"start":{"line":23,"column":24},"end":{"line":23,"column":36}}},"4":{"name":"(anonymous_4)","line":61,"loc":{"start":{"line":61,"column":5},"end":{"line":61,"column":17}}},"5":{"name":"(anonymous_5)","line":82,"loc":{"start":{"line":82,"column":5},"end":{"line":82,"column":17}}},"6":{"name":"(anonymous_6)","line":91,"loc":{"start":{"line":91,"column":77},"end":{"line":94,"column":10}}},"7":{"name":"(anonymous_7)","line":112,"loc":{"start":{"line":112,"column":83},"end":{"line":115,"column":10}},"skip":true},"8":{"name":"(anonymous_8)","line":123,"loc":{"start":{"line":123,"column":77},"end":{"line":126,"column":10}},"skip":true},"9":{"name":"(anonymous_9)","line":139,"loc":{"start":{"line":139,"column":12},"end":{"line":139,"column":40}},"skip":true},"10":{"name":"(anonymous_10)","line":147,"loc":{"start":{"line":147,"column":77},"end":{"line":150,"column":10}},"skip":true},"11":{"name":"(anonymous_11)","line":158,"loc":{"start":{"line":158,"column":83},"end":{"line":161,"column":10}},"skip":true},"12":{"name":"(anonymous_12)","line":169,"loc":{"start":{"line":169,"column":79},"end":{"line":172,"column":10}},"skip":true},"13":{"name":"(anonymous_13)","line":180,"loc":{"start":{"line":180,"column":75},"end":{"line":183,"column":10}},"skip":true}},"statementMap":{"1":{"start":{"line":12,"column":0},"end":{"line":195,"column":5}},"2":{"start":{"line":14,"column":4},"end":{"line":14,"column":14}},"3":{"start":{"line":19,"column":4},"end":{"line":56,"column":9}},"4":{"start":{"line":21,"column":8},"end":{"line":21,"column":19}},"5":{"start":{"line":23,"column":8},"end":{"line":35,"column":13}},"6":{"start":{"line":24,"column":12},"end":{"line":34,"column":13}},"7":{"start":{"line":25,"column":16},"end":{"line":28,"column":30}},"8":{"start":{"line":30,"column":16},"end":{"line":33,"column":27}},"9":{"start":{"line":37,"column":8},"end":{"line":39,"column":21}},"10":{"start":{"line":40,"column":8},"end":{"line":53,"column":9}},"11":{"start":{"line":43,"column":12},"end":{"line":46,"column":14}},"12":{"start":{"line":47,"column":12},"end":{"line":47,"column":18}},"13":{"start":{"line":50,"column":12},"end":{"line":51,"column":46}},"14":{"start":{"line":52,"column":12},"end":{"line":52,"column":18}},"15":{"start":{"line":55,"column":8},"end":{"line":55,"column":35}},"16":{"start":{"line":61,"column":4},"end":{"line":63,"column":9}},"17":{"start":{"line":62,"column":8},"end":{"line":62,"column":15}},"18":{"start":{"line":64,"column":4},"end":{"line":77,"column":5}},"19":{"start":{"line":70,"column":8},"end":{"line":70,"column":14}},"20":{"start":{"line":76,"column":8},"end":{"line":76,"column":14}},"21":{"start":{"line":82,"column":4},"end":{"line":84,"column":9}},"22":{"start":{"line":83,"column":8},"end":{"line":83,"column":15}},"23":{"start":{"line":85,"column":4},"end":{"line":194,"column":5}},"24":{"start":{"line":91,"column":8},"end":{"line":99,"column":10}},"25":{"start":{"line":98,"column":12},"end":{"line":98,"column":35}},"26":{"start":{"line":102,"column":8},"end":{"line":104,"column":63}},"27":{"start":{"line":105,"column":8},"end":{"line":105,"column":14}},"28":{"start":{"line":112,"column":8},"end":{"line":121,"column":10},"skip":true},"29":{"start":{"line":119,"column":12},"end":{"line":119,"column":55},"skip":true},"30":{"start":{"line":120,"column":12},"end":{"line":120,"column":48},"skip":true},"31":{"start":{"line":123,"column":8},"end":{"line":136,"column":10},"skip":true},"32":{"start":{"line":130,"column":12},"end":{"line":130,"column":76},"skip":true},"33":{"start":{"line":131,"column":12},"end":{"line":131,"column":73},"skip":true},"34":{"start":{"line":132,"column":12},"end":{"line":132,"column":74},"skip":true},"35":{"start":{"line":133,"column":12},"end":{"line":133,"column":79},"skip":true},"36":{"start":{"line":134,"column":12},"end":{"line":134,"column":25},"skip":true},"37":{"start":{"line":135,"column":12},"end":{"line":135,"column":45},"skip":true},"38":{"start":{"line":138,"column":8},"end":{"line":145,"column":14},"skip":true},"39":{"start":{"line":143,"column":16},"end":{"line":143,"column":29},"skip":true},"40":{"start":{"line":144,"column":16},"end":{"line":144,"column":55},"skip":true},"41":{"start":{"line":147,"column":8},"end":{"line":156,"column":10},"skip":true},"42":{"start":{"line":154,"column":12},"end":{"line":154,"column":25},"skip":true},"43":{"start":{"line":155,"column":12},"end":{"line":155,"column":45},"skip":true},"44":{"start":{"line":158,"column":8},"end":{"line":167,"column":10},"skip":true},"45":{"start":{"line":165,"column":12},"end":{"line":165,"column":25},"skip":true},"46":{"start":{"line":166,"column":12},"end":{"line":166,"column":48},"skip":true},"47":{"start":{"line":169,"column":8},"end":{"line":178,"column":10},"skip":true},"48":{"start":{"line":176,"column":12},"end":{"line":176,"column":25},"skip":true},"49":{"start":{"line":177,"column":12},"end":{"line":177,"column":46},"skip":true},"50":{"start":{"line":180,"column":8},"end":{"line":189,"column":10},"skip":true},"51":{"start":{"line":187,"column":12},"end":{"line":187,"column":94},"skip":true},"52":{"start":{"line":188,"column":12},"end":{"line":188,"column":48},"skip":true},"53":{"start":{"line":192,"column":8},"end":{"line":192,"column":35},"skip":true},"54":{"start":{"line":193,"column":8},"end":{"line":193,"column":14},"skip":true}},"branchMap":{"1":{"line":25,"type":"binary-expr","locations":[{"start":{"line":25,"column":23},"end":{"line":25,"column":62}},{"start":{"line":26,"column":20},"end":{"line":26,"column":70}},{"start":{"line":27,"column":20},"end":{"line":27,"column":71}},{"start":{"line":28,"column":20},"end":{"line":28,"column":29}}]},"2":{"line":30,"type":"binary-expr","locations":[{"start":{"line":30,"column":23},"end":{"line":30,"column":37}},{"start":{"line":31,"column":20},"end":{"line":31,"column":61}},{"start":{"line":32,"column":20},"end":{"line":32,"column":70}},{"start":{"line":33,"column":20},"end":{"line":33,"column":26}}]},"3":{"line":37,"type":"cond-expr","locations":[{"start":{"line":38,"column":14},"end":{"line":38,"column":20}},{"start":{"line":39,"column":14},"end":{"line":39,"column":20}}]},"4":{"line":40,"type":"switch","locations":[{"start":{"line":42,"column":8},"end":{"line":47,"column":18}},{"start":{"line":49,"column":8},"end":{"line":52,"column":18}}]},"5":{"line":44,"type":"binary-expr","locations":[{"start":{"line":44,"column":16},"end":{"line":44,"column":44}},{"start":{"line":44,"column":48},"end":{"line":44,"column":66}}]},"6":{"line":50,"type":"binary-expr","locations":[{"start":{"line":50,"column":21},"end":{"line":50,"column":49}},{"start":{"line":50,"column":53},"end":{"line":50,"column":72}}]},"7":{"line":64,"type":"switch","locations":[{"start":{"line":69,"column":4},"end":{"line":70,"column":14}},{"start":{"line":75,"column":4},"end":{"line":76,"column":14}}]},"8":{"line":85,"type":"switch","locations":[{"start":{"line":90,"column":4},"end":{"line":105,"column":14}},{"start":{"line":111,"column":4},"end":{"line":193,"column":14},"skip":true}]},"9":{"line":91,"type":"binary-expr","locations":[{"start":{"line":91,"column":42},"end":{"line":91,"column":73}},{"start":{"line":91,"column":77},"end":{"line":99,"column":9}}]},"10":{"line":102,"type":"binary-expr","locations":[{"start":{"line":102,"column":18},"end":{"line":102,"column":32}},{"start":{"line":103,"column":12},"end":{"line":103,"column":53}},{"start":{"line":104,"column":12},"end":{"line":104,"column":61}}]},"11":{"line":112,"type":"binary-expr","locations":[{"start":{"line":112,"column":45},"end":{"line":112,"column":79},"skip":true},{"start":{"line":112,"column":83},"end":{"line":121,"column":9},"skip":true}]},"12":{"line":123,"type":"binary-expr","locations":[{"start":{"line":123,"column":42},"end":{"line":123,"column":73},"skip":true},{"start":{"line":123,"column":77},"end":{"line":136,"column":9},"skip":true}]},"13":{"line":138,"type":"binary-expr","locations":[{"start":{"line":138,"column":48},"end":{"line":138,"column":85},"skip":true},{"start":{"line":139,"column":12},"end":{"line":145,"column":13},"skip":true}]},"14":{"line":147,"type":"binary-expr","locations":[{"start":{"line":147,"column":42},"end":{"line":147,"column":73},"skip":true},{"start":{"line":147,"column":77},"end":{"line":156,"column":9},"skip":true}]},"15":{"line":158,"type":"binary-expr","locations":[{"start":{"line":158,"column":45},"end":{"line":158,"column":79},"skip":true},{"start":{"line":158,"column":83},"end":{"line":167,"column":9},"skip":true}]},"16":{"line":169,"type":"binary-expr","locations":[{"start":{"line":169,"column":43},"end":{"line":169,"column":75},"skip":true},{"start":{"line":169,"column":79},"end":{"line":178,"column":9},"skip":true}]},"17":{"line":180,"type":"binary-expr","locations":[{"start":{"line":180,"column":41},"end":{"line":180,"column":71},"skip":true},{"start":{"line":180,"column":75},"end":{"line":189,"column":9},"skip":true}]}},"code":["/* istanbul instrument in package npmtest_httpp_proxy */","/*jslint","    bitwise: true,","    browser: true,","    maxerr: 8,","    maxlen: 96,","    node: true,","    nomen: true,","    regexp: true,","    stupid: true","*/","(function () {","    'use strict';","    var local;","","","","    // run shared js-env code - pre-init","    (function () {","        // init local","        local = {};","        // init modeJs","        local.modeJs = (function () {","            try {","                return typeof navigator.userAgent === 'string' &&","                    typeof document.querySelector('body') === 'object' &&","                    typeof XMLHttpRequest.prototype.open === 'function' &&","                    'browser';","            } catch (errorCaughtBrowser) {","                return module.exports &&","                    typeof process.versions.node === 'string' &&","                    typeof require('http').createServer === 'function' &&","                    'node';","            }","        }());","        // init global","        local.global = local.modeJs === 'browser'","            ? window","            : global;","        switch (local.modeJs) {","        // re-init local from window.local","        case 'browser':","            local = local.global.utility2.objectSetDefault(","                local.global.utility2_rollup || local.global.local,","                local.global.utility2","            );","            break;","        // re-init local from example.js","        case 'node':","            local = (local.global.utility2_rollup || require('utility2'))","                .requireExampleJsFromReadme();","            break;","        }","        // export local","        local.global.local = local;","    }());","","","","    // run shared js-env code - function","    (function () {","        return;","    }());","    switch (local.modeJs) {","","","","    // run browser js-env code - function","    case 'browser':","        break;","","","","    // run node js-env code - function","    case 'node':","        break;","    }","","","","    // run shared js-env code - post-init","    (function () {","        return;","    }());","    switch (local.modeJs) {","","","","    // run browser js-env code - post-init","    case 'browser':","        local.testCase_browser_nullCase = local.testCase_browser_nullCase || function (","            options,","            onError","        ) {","        /*","         * this function will test browsers's null-case handling-behavior-behavior","         */","            onError(null, options);","        };","","        // run tests","        local.nop(local.modeTest &&","            document.querySelector('#testRunButton1') &&","            document.querySelector('#testRunButton1').click());","        break;","","","","    // run node js-env code - post-init","    /* istanbul ignore next */","    case 'node':","        local.testCase_buildApidoc_default = local.testCase_buildApidoc_default || function (","            options,","            onError","        ) {","        /*","         * this function will test buildApidoc's default handling-behavior-behavior","         */","            options = { modulePathList: module.paths };","            local.buildApidoc(options, onError);","        };","","        local.testCase_buildApp_default = local.testCase_buildApp_default || function (","            options,","            onError","        ) {","        /*","         * this function will test buildApp's default handling-behavior-behavior","         */","            local.testCase_buildReadme_default(options, local.onErrorThrow);","            local.testCase_buildLib_default(options, local.onErrorThrow);","            local.testCase_buildTest_default(options, local.onErrorThrow);","            local.testCase_buildCustomOrg_default(options, local.onErrorThrow);","            options = [];","            local.buildApp(options, onError);","        };","","        local.testCase_buildCustomOrg_default = local.testCase_buildCustomOrg_default ||","            function (options, onError) {","            /*","             * this function will test buildCustomOrg's default handling-behavior","             */","                options = {};","                local.buildCustomOrg(options, onError);","            };","","        local.testCase_buildLib_default = local.testCase_buildLib_default || function (","            options,","            onError","        ) {","        /*","         * this function will test buildLib's default handling-behavior","         */","            options = {};","            local.buildLib(options, onError);","        };","","        local.testCase_buildReadme_default = local.testCase_buildReadme_default || function (","            options,","            onError","        ) {","        /*","         * this function will test buildReadme's default handling-behavior-behavior","         */","            options = {};","            local.buildReadme(options, onError);","        };","","        local.testCase_buildTest_default = local.testCase_buildTest_default || function (","            options,","            onError","        ) {","        /*","         * this function will test buildTest's default handling-behavior","         */","            options = {};","            local.buildTest(options, onError);","        };","","        local.testCase_webpage_default = local.testCase_webpage_default || function (","            options,","            onError","        ) {","        /*","         * this function will test webpage's default handling-behavior","         */","            options = { modeCoverageMerge: true, url: local.serverLocalHost + '?modeTest=1' };","            local.browserTest(options, onError);","        };","","        // run test-server","        local.testRunServer(local);","        break;","    }","}());",""],"l":{"12":2,"14":2,"19":2,"21":2,"23":2,"24":2,"25":2,"30":1,"37":2,"40":2,"43":1,"47":1,"50":1,"52":1,"55":2,"61":2,"62":2,"64":2,"70":1,"76":1,"82":2,"83":2,"85":2,"91":1,"98":1,"102":1,"105":1,"112":1,"119":1,"120":1,"123":1,"130":1,"131":1,"132":1,"133":1,"134":1,"135":1,"138":1,"143":2,"144":2,"147":1,"154":2,"155":2,"158":1,"165":2,"166":2,"169":1,"176":2,"177":2,"180":1,"187":1,"188":1,"192":1,"193":1}},"/home/travis/build/npmtest/node-npmtest-httpp-proxy/lib.npmtest_httpp_proxy.js":{"path":"/home/travis/build/npmtest/node-npmtest-httpp-proxy/lib.npmtest_httpp_proxy.js","s":{"1":2,"2":2,"3":2,"4":2,"5":2,"6":2,"7":2,"8":1,"9":2,"10":2,"11":2,"12":2,"13":1,"14":1,"15":1,"16":1},"b":{"1":[2,1,1,1],"2":[1,1,1,1],"3":[1,1],"4":[2,2],"5":[1,1]},"f":{"1":2,"2":2,"3":2},"fnMap":{"1":{"name":"(anonymous_1)","line":12,"loc":{"start":{"line":12,"column":1},"end":{"line":12,"column":13}}},"2":{"name":"(anonymous_2)","line":19,"loc":{"start":{"line":19,"column":5},"end":{"line":19,"column":17}}},"3":{"name":"(anonymous_3)","line":23,"loc":{"start":{"line":23,"column":24},"end":{"line":23,"column":36}}}},"statementMap":{"1":{"start":{"line":12,"column":0},"end":{"line":53,"column":5}},"2":{"start":{"line":14,"column":4},"end":{"line":14,"column":14}},"3":{"start":{"line":19,"column":4},"end":{"line":52,"column":9}},"4":{"start":{"line":21,"column":8},"end":{"line":21,"column":19}},"5":{"start":{"line":23,"column":8},"end":{"line":35,"column":13}},"6":{"start":{"line":24,"column":12},"end":{"line":34,"column":13}},"7":{"start":{"line":25,"column":16},"end":{"line":28,"column":30}},"8":{"start":{"line":30,"column":16},"end":{"line":33,"column":27}},"9":{"start":{"line":37,"column":8},"end":{"line":39,"column":21}},"10":{"start":{"line":41,"column":8},"end":{"line":41,"column":54}},"11":{"start":{"line":43,"column":8},"end":{"line":43,"column":56}},"12":{"start":{"line":45,"column":8},"end":{"line":51,"column":9}},"13":{"start":{"line":46,"column":12},"end":{"line":46,"column":62}},"14":{"start":{"line":48,"column":12},"end":{"line":48,"column":35}},"15":{"start":{"line":49,"column":12},"end":{"line":49,"column":49}},"16":{"start":{"line":50,"column":12},"end":{"line":50,"column":43}}},"branchMap":{"1":{"line":25,"type":"binary-expr","locations":[{"start":{"line":25,"column":23},"end":{"line":25,"column":62}},{"start":{"line":26,"column":20},"end":{"line":26,"column":70}},{"start":{"line":27,"column":20},"end":{"line":27,"column":71}},{"start":{"line":28,"column":20},"end":{"line":28,"column":29}}]},"2":{"line":30,"type":"binary-expr","locations":[{"start":{"line":30,"column":23},"end":{"line":30,"column":37}},{"start":{"line":31,"column":20},"end":{"line":31,"column":61}},{"start":{"line":32,"column":20},"end":{"line":32,"column":70}},{"start":{"line":33,"column":20},"end":{"line":33,"column":26}}]},"3":{"line":37,"type":"cond-expr","locations":[{"start":{"line":38,"column":14},"end":{"line":38,"column":20}},{"start":{"line":39,"column":14},"end":{"line":39,"column":20}}]},"4":{"line":41,"type":"binary-expr","locations":[{"start":{"line":41,"column":16},"end":{"line":41,"column":44}},{"start":{"line":41,"column":48},"end":{"line":41,"column":53}}]},"5":{"line":45,"type":"if","locations":[{"start":{"line":45,"column":8},"end":{"line":45,"column":8}},{"start":{"line":45,"column":8},"end":{"line":45,"column":8}}]}},"code":["/* istanbul instrument in package npmtest_httpp_proxy */","/*jslint","    bitwise: true,","    browser: true,","    maxerr: 8,","    maxlen: 96,","    node: true,","    nomen: true,","    regexp: true,","    stupid: true","*/","(function () {","    'use strict';","    var local;","","","","    // run shared js-env code - pre-init","    (function () {","        // init local","        local = {};","        // init modeJs","        local.modeJs = (function () {","            try {","                return typeof navigator.userAgent === 'string' &&","                    typeof document.querySelector('body') === 'object' &&","                    typeof XMLHttpRequest.prototype.open === 'function' &&","                    'browser';","            } catch (errorCaughtBrowser) {","                return module.exports &&","                    typeof process.versions.node === 'string' &&","                    typeof require('http').createServer === 'function' &&","                    'node';","            }","        }());","        // init global","        local.global = local.modeJs === 'browser'","            ? window","            : global;","        // init utility2_rollup","        local = local.global.utility2_rollup || local;","        // init lib","        local.local = local.npmtest_httpp_proxy = local;","        // init exports","        if (local.modeJs === 'browser') {","            local.global.utility2_npmtest_httpp_proxy = local;","        } else {","            module.exports = local;","            module.exports.__dirname = __dirname;","            module.exports.module = module;","        }","    }());","}());",""],"l":{"12":2,"14":2,"19":2,"21":2,"23":2,"24":2,"25":2,"30":1,"37":2,"41":2,"43":2,"45":2,"46":1,"48":1,"49":1,"50":1}},"/home/travis/build/npmtest/node-npmtest-httpp-proxy/example.js":{"path":"/home/travis/build/npmtest/node-npmtest-httpp-proxy/example.js","s":{"1":2,"2":2,"3":2,"4":2,"5":2,"6":2,"7":2,"8":1,"9":2,"10":2,"11":2,"12":2,"13":1,"14":2,"15":2,"16":2,"17":2,"18":2,"19":0,"20":2,"21":1,"22":1,"23":1,"24":1,"25":1,"26":0,"27":0,"28":1,"29":1,"30":2,"31":0,"32":0,"33":0,"34":1,"35":2,"36":2,"37":3,"38":3,"39":3,"40":3,"41":0,"42":3,"43":3,"44":3,"45":1,"46":3,"47":1,"48":1,"49":1,"50":1,"51":1,"52":1,"53":1,"54":1,"55":1,"56":1,"57":0,"58":1,"59":6,"60":6,"61":1,"62":2,"63":0,"64":2,"65":1,"66":1,"67":0,"68":0,"69":0,"70":0,"71":0,"72":0,"73":0,"74":0,"75":0,"76":0,"77":0,"78":0,"79":0,"80":0,"81":0,"82":0,"83":0},"b":{"1":[2,1,1,1],"2":[1,1,1,1],"3":[1,1],"4":[2,2],"5":[1,1],"6":[1,1],"7":[2,0],"8":[2,1,1,1,1,1],"9":[0,2,0],"10":[1,1],"11":[2,1,1],"12":[1,0],"13":[0,2],"14":[2,0,0,0,0,0,0],"15":[0,3],"16":[3,0],"17":[1,1],"18":[0,1],"19":[1,2,0,2],"20":[1,0],"21":[1,1],"22":[0,0],"23":[0,0],"24":[0,0],"25":[0,0],"26":[0,0],"27":[0,0],"28":[0,0]},"f":{"1":2,"2":2,"3":2,"4":2,"5":2,"6":2,"7":3,"8":3,"9":3,"10":1,"11":6,"12":0},"fnMap":{"1":{"name":"(anonymous_1)","line":26,"loc":{"start":{"line":26,"column":1},"end":{"line":26,"column":13}}},"2":{"name":"(anonymous_2)","line":33,"loc":{"start":{"line":33,"column":5},"end":{"line":33,"column":17}}},"3":{"name":"(anonymous_3)","line":37,"loc":{"start":{"line":37,"column":24},"end":{"line":37,"column":36}}},"4":{"name":"(anonymous_4)","line":69,"loc":{"start":{"line":69,"column":31},"end":{"line":69,"column":48}},"skip":true},"5":{"name":"(anonymous_5)","line":78,"loc":{"start":{"line":78,"column":26},"end":{"line":78,"column":45}},"skip":true},"6":{"name":"(anonymous_6)","line":123,"loc":{"start":{"line":123,"column":33},"end":{"line":123,"column":48}},"skip":true},"7":{"name":"(anonymous_7)","line":125,"loc":{"start":{"line":125,"column":27},"end":{"line":125,"column":39}},"skip":true},"8":{"name":"(anonymous_8)","line":133,"loc":{"start":{"line":133,"column":59},"end":{"line":133,"column":74}},"skip":true},"9":{"name":"(anonymous_9)","line":143,"loc":{"start":{"line":143,"column":45},"end":{"line":143,"column":62}},"skip":true},"10":{"name":"(anonymous_10)","line":144,"loc":{"start":{"line":144,"column":73},"end":{"line":144,"column":92}},"skip":true},"11":{"name":"(anonymous_11)","line":272,"loc":{"start":{"line":272,"column":51},"end":{"line":272,"column":77}},"skip":true},"12":{"name":"(anonymous_12)","line":315,"loc":{"start":{"line":315,"column":32},"end":{"line":315,"column":61}},"skip":true}},"statementMap":{"1":{"start":{"line":26,"column":0},"end":{"line":326,"column":5}},"2":{"start":{"line":28,"column":4},"end":{"line":28,"column":14}},"3":{"start":{"line":33,"column":4},"end":{"line":60,"column":9}},"4":{"start":{"line":35,"column":8},"end":{"line":35,"column":19}},"5":{"start":{"line":37,"column":8},"end":{"line":49,"column":13}},"6":{"start":{"line":38,"column":12},"end":{"line":48,"column":13}},"7":{"start":{"line":39,"column":16},"end":{"line":42,"column":30}},"8":{"start":{"line":44,"column":16},"end":{"line":47,"column":27}},"9":{"start":{"line":51,"column":8},"end":{"line":53,"column":21}},"10":{"start":{"line":55,"column":8},"end":{"line":57,"column":45}},"11":{"start":{"line":59,"column":8},"end":{"line":59,"column":35}},"12":{"start":{"line":61,"column":4},"end":{"line":325,"column":5}},"13":{"start":{"line":69,"column":8},"end":{"line":121,"column":10},"skip":true},"14":{"start":{"line":70,"column":12},"end":{"line":88,"column":13},"skip":true},"15":{"start":{"line":76,"column":16},"end":{"line":87,"column":19},"skip":true},"16":{"start":{"line":79,"column":20},"end":{"line":86,"column":21},"skip":true},"17":{"start":{"line":82,"column":24},"end":{"line":82,"column":43},"skip":true},"18":{"start":{"line":83,"column":24},"end":{"line":83,"column":30},"skip":true},"19":{"start":{"line":85,"column":24},"end":{"line":85,"column":49},"skip":true},"20":{"start":{"line":89,"column":12},"end":{"line":107,"column":13},"skip":true},"21":{"start":{"line":92,"column":16},"end":{"line":102,"column":17},"skip":true},"22":{"start":{"line":93,"column":20},"end":{"line":93,"column":86},"skip":true},"23":{"start":{"line":94,"column":20},"end":{"line":95,"column":45},"skip":true},"24":{"start":{"line":96,"column":20},"end":{"line":96,"column":42},"skip":true},"25":{"start":{"line":97,"column":20},"end":{"line":97,"column":48},"skip":true},"26":{"start":{"line":100,"column":20},"end":{"line":100,"column":85},"skip":true},"27":{"start":{"line":101,"column":20},"end":{"line":101,"column":96},"skip":true},"28":{"start":{"line":103,"column":16},"end":{"line":103,"column":22},"skip":true},"29":{"start":{"line":106,"column":16},"end":{"line":106,"column":22},"skip":true},"30":{"start":{"line":108,"column":12},"end":{"line":120,"column":13},"skip":true},"31":{"start":{"line":114,"column":16},"end":{"line":119,"column":17},"skip":true},"32":{"start":{"line":116,"column":20},"end":{"line":116,"column":78},"skip":true},"33":{"start":{"line":118,"column":20},"end":{"line":118,"column":47},"skip":true},"34":{"start":{"line":123,"column":8},"end":{"line":141,"column":11},"skip":true},"35":{"start":{"line":124,"column":12},"end":{"line":124,"column":54},"skip":true},"36":{"start":{"line":125,"column":12},"end":{"line":140,"column":14},"skip":true},"37":{"start":{"line":126,"column":16},"end":{"line":126,"column":28},"skip":true},"38":{"start":{"line":127,"column":16},"end":{"line":127,"column":69},"skip":true},"39":{"start":{"line":128,"column":16},"end":{"line":128,"column":75},"skip":true},"40":{"start":{"line":129,"column":16},"end":{"line":131,"column":17},"skip":true},"41":{"start":{"line":130,"column":20},"end":{"line":130,"column":27},"skip":true},"42":{"start":{"line":133,"column":16},"end":{"line":137,"column":36},"skip":true},"43":{"start":{"line":134,"column":20},"end":{"line":136,"column":55},"skip":true},"44":{"start":{"line":139,"column":16},"end":{"line":139,"column":57},"skip":true},"45":{"start":{"line":143,"column":8},"end":{"line":147,"column":11},"skip":true},"46":{"start":{"line":144,"column":12},"end":{"line":146,"column":15},"skip":true},"47":{"start":{"line":145,"column":16},"end":{"line":145,"column":70},"skip":true},"48":{"start":{"line":149,"column":8},"end":{"line":149,"column":31},"skip":true},"49":{"start":{"line":150,"column":8},"end":{"line":150,"column":14},"skip":true},"50":{"start":{"line":158,"column":8},"end":{"line":158,"column":31},"skip":true},"51":{"start":{"line":160,"column":8},"end":{"line":160,"column":33},"skip":true},"52":{"start":{"line":161,"column":8},"end":{"line":161,"column":37},"skip":true},"53":{"start":{"line":162,"column":8},"end":{"line":162,"column":35},"skip":true},"54":{"start":{"line":164,"column":8},"end":{"line":164,"column":50},"skip":true},"55":{"start":{"line":166,"column":8},"end":{"line":256,"column":2},"skip":true},"56":{"start":{"line":258,"column":8},"end":{"line":286,"column":9},"skip":true},"57":{"start":{"line":259,"column":12},"end":{"line":269,"column":14},"skip":true},"58":{"start":{"line":271,"column":12},"end":{"line":285,"column":19},"skip":true},"59":{"start":{"line":274,"column":20},"end":{"line":274,"column":35},"skip":true},"60":{"start":{"line":275,"column":20},"end":{"line":284,"column":21},"skip":true},"61":{"start":{"line":277,"column":24},"end":{"line":277,"column":64},"skip":true},"62":{"start":{"line":279,"column":24},"end":{"line":279,"column":40},"skip":true},"63":{"start":{"line":281,"column":24},"end":{"line":281,"column":40},"skip":true},"64":{"start":{"line":283,"column":24},"end":{"line":283,"column":39},"skip":true},"65":{"start":{"line":288,"column":8},"end":{"line":290,"column":9},"skip":true},"66":{"start":{"line":289,"column":12},"end":{"line":289,"column":18},"skip":true},"67":{"start":{"line":291,"column":8},"end":{"line":293,"column":54},"skip":true},"68":{"start":{"line":296,"column":8},"end":{"line":301,"column":37},"skip":true},"69":{"start":{"line":303,"column":8},"end":{"line":303,"column":82},"skip":true},"70":{"start":{"line":306,"column":8},"end":{"line":308,"column":9},"skip":true},"71":{"start":{"line":307,"column":12},"end":{"line":307,"column":82},"skip":true},"72":{"start":{"line":310,"column":8},"end":{"line":312,"column":9},"skip":true},"73":{"start":{"line":311,"column":12},"end":{"line":311,"column":18},"skip":true},"74":{"start":{"line":313,"column":8},"end":{"line":313,"column":54},"skip":true},"75":{"start":{"line":314,"column":8},"end":{"line":314,"column":69},"skip":true},"76":{"start":{"line":315,"column":8},"end":{"line":323,"column":36},"skip":true},"77":{"start":{"line":316,"column":12},"end":{"line":316,"column":61},"skip":true},"78":{"start":{"line":317,"column":12},"end":{"line":320,"column":13},"skip":true},"79":{"start":{"line":318,"column":16},"end":{"line":318,"column":75},"skip":true},"80":{"start":{"line":319,"column":16},"end":{"line":319,"column":23},"skip":true},"81":{"start":{"line":321,"column":12},"end":{"line":321,"column":38},"skip":true},"82":{"start":{"line":322,"column":12},"end":{"line":322,"column":27},"skip":true},"83":{"start":{"line":324,"column":8},"end":{"line":324,"column":14},"skip":true}},"branchMap":{"1":{"line":39,"type":"binary-expr","locations":[{"start":{"line":39,"column":23},"end":{"line":39,"column":62}},{"start":{"line":40,"column":20},"end":{"line":40,"column":70}},{"start":{"line":41,"column":20},"end":{"line":41,"column":71}},{"start":{"line":42,"column":20},"end":{"line":42,"column":29}}]},"2":{"line":44,"type":"binary-expr","locations":[{"start":{"line":44,"column":23},"end":{"line":44,"column":37}},{"start":{"line":45,"column":20},"end":{"line":45,"column":61}},{"start":{"line":46,"column":20},"end":{"line":46,"column":70}},{"start":{"line":47,"column":20},"end":{"line":47,"column":26}}]},"3":{"line":51,"type":"cond-expr","locations":[{"start":{"line":52,"column":14},"end":{"line":52,"column":20}},{"start":{"line":53,"column":14},"end":{"line":53,"column":20}}]},"4":{"line":55,"type":"binary-expr","locations":[{"start":{"line":55,"column":16},"end":{"line":55,"column":44}},{"start":{"line":55,"column":49},"end":{"line":57,"column":43}}]},"5":{"line":55,"type":"cond-expr","locations":[{"start":{"line":56,"column":14},"end":{"line":56,"column":55}},{"start":{"line":57,"column":14},"end":{"line":57,"column":43}}]},"6":{"line":61,"type":"switch","locations":[{"start":{"line":68,"column":4},"end":{"line":150,"column":14},"skip":true},{"start":{"line":156,"column":4},"end":{"line":324,"column":14},"skip":true}]},"7":{"line":70,"type":"if","locations":[{"start":{"line":70,"column":12},"end":{"line":70,"column":12},"skip":true},{"start":{"line":70,"column":12},"end":{"line":70,"column":12},"skip":true}]},"8":{"line":70,"type":"binary-expr","locations":[{"start":{"line":70,"column":16},"end":{"line":70,"column":22},"skip":true},{"start":{"line":70,"column":27},"end":{"line":70,"column":32},"skip":true},{"start":{"line":71,"column":20},"end":{"line":71,"column":39},"skip":true},{"start":{"line":72,"column":20},"end":{"line":72,"column":49},"skip":true},{"start":{"line":73,"column":20},"end":{"line":73,"column":58},"skip":true},{"start":{"line":74,"column":20},"end":{"line":74,"column":69},"skip":true}]},"9":{"line":79,"type":"switch","locations":[{"start":{"line":80,"column":20},"end":{"line":80,"column":33},"skip":true},{"start":{"line":81,"column":20},"end":{"line":83,"column":30},"skip":true},{"start":{"line":84,"column":20},"end":{"line":85,"column":49},"skip":true}]},"10":{"line":89,"type":"switch","locations":[{"start":{"line":90,"column":12},"end":{"line":103,"column":22},"skip":true},{"start":{"line":105,"column":12},"end":{"line":106,"column":22},"skip":true}]},"11":{"line":89,"type":"binary-expr","locations":[{"start":{"line":89,"column":20},"end":{"line":89,"column":25},"skip":true},{"start":{"line":89,"column":29},"end":{"line":89,"column":48},"skip":true},{"start":{"line":89,"column":52},"end":{"line":89,"column":74},"skip":true}]},"12":{"line":92,"type":"if","locations":[{"start":{"line":92,"column":16},"end":{"line":92,"column":16},"skip":true},{"start":{"line":92,"column":16},"end":{"line":92,"column":16},"skip":true}]},"13":{"line":108,"type":"if","locations":[{"start":{"line":108,"column":12},"end":{"line":108,"column":12},"skip":true},{"start":{"line":108,"column":12},"end":{"line":108,"column":12},"skip":true}]},"14":{"line":108,"type":"binary-expr","locations":[{"start":{"line":108,"column":16},"end":{"line":108,"column":61},"skip":true},{"start":{"line":108,"column":66},"end":{"line":108,"column":72},"skip":true},{"start":{"line":108,"column":77},"end":{"line":108,"column":82},"skip":true},{"start":{"line":109,"column":20},"end":{"line":109,"column":39},"skip":true},{"start":{"line":110,"column":20},"end":{"line":110,"column":49},"skip":true},{"start":{"line":111,"column":20},"end":{"line":111,"column":58},"skip":true},{"start":{"line":112,"column":20},"end":{"line":112,"column":68},"skip":true}]},"15":{"line":129,"type":"if","locations":[{"start":{"line":129,"column":16},"end":{"line":129,"column":16},"skip":true},{"start":{"line":129,"column":16},"end":{"line":129,"column":16},"skip":true}]},"16":{"line":134,"type":"cond-expr","locations":[{"start":{"line":135,"column":26},"end":{"line":135,"column":29},"skip":true},{"start":{"line":136,"column":26},"end":{"line":136,"column":54},"skip":true}]},"17":{"line":164,"type":"binary-expr","locations":[{"start":{"line":164,"column":27},"end":{"line":164,"column":43},"skip":true},{"start":{"line":164,"column":47},"end":{"line":164,"column":49},"skip":true}]},"18":{"line":258,"type":"if","locations":[{"start":{"line":258,"column":8},"end":{"line":258,"column":8},"skip":true},{"start":{"line":258,"column":8},"end":{"line":258,"column":8},"skip":true}]},"19":{"line":275,"type":"switch","locations":[{"start":{"line":276,"column":20},"end":{"line":277,"column":64},"skip":true},{"start":{"line":278,"column":20},"end":{"line":279,"column":40},"skip":true},{"start":{"line":280,"column":20},"end":{"line":281,"column":40},"skip":true},{"start":{"line":282,"column":20},"end":{"line":283,"column":39},"skip":true}]},"20":{"line":288,"type":"if","locations":[{"start":{"line":288,"column":8},"end":{"line":288,"column":8},"skip":true},{"start":{"line":288,"column":8},"end":{"line":288,"column":8},"skip":true}]},"21":{"line":288,"type":"binary-expr","locations":[{"start":{"line":288,"column":12},"end":{"line":288,"column":40},"skip":true},{"start":{"line":288,"column":44},"end":{"line":288,"column":67},"skip":true}]},"22":{"line":292,"type":"binary-expr","locations":[{"start":{"line":292,"column":12},"end":{"line":292,"column":50},"skip":true},{"start":{"line":293,"column":12},"end":{"line":293,"column":53},"skip":true}]},"23":{"line":297,"type":"binary-expr","locations":[{"start":{"line":297,"column":12},"end":{"line":297,"column":69},"skip":true},{"start":{"line":298,"column":12},"end":{"line":301,"column":36},"skip":true}]},"24":{"line":303,"type":"binary-expr","locations":[{"start":{"line":303,"column":43},"end":{"line":303,"column":75},"skip":true},{"start":{"line":303,"column":79},"end":{"line":303,"column":81},"skip":true}]},"25":{"line":306,"type":"if","locations":[{"start":{"line":306,"column":8},"end":{"line":306,"column":8},"skip":true},{"start":{"line":306,"column":8},"end":{"line":306,"column":8},"skip":true}]},"26":{"line":310,"type":"if","locations":[{"start":{"line":310,"column":8},"end":{"line":310,"column":8},"skip":true},{"start":{"line":310,"column":8},"end":{"line":310,"column":8},"skip":true}]},"27":{"line":313,"type":"binary-expr","locations":[{"start":{"line":313,"column":27},"end":{"line":313,"column":43},"skip":true},{"start":{"line":313,"column":47},"end":{"line":313,"column":53},"skip":true}]},"28":{"line":317,"type":"if","locations":[{"start":{"line":317,"column":12},"end":{"line":317,"column":12},"skip":true},{"start":{"line":317,"column":12},"end":{"line":317,"column":12},"skip":true}]}},"code":["/*","example.js","","quickstart example","","instruction","    1. save this script as example.js","    2. run the shell command:","        $ npm install npmtest-httpp-proxy && PORT=8081 node example.js","    3. play with the browser-demo on http://127.0.0.1:8081","*/","","","","/* istanbul instrument in package npmtest_httpp_proxy */","/*jslint","    bitwise: true,","    browser: true,","    maxerr: 8,","    maxlen: 96,","    node: true,","    nomen: true,","    regexp: true,","    stupid: true","*/","(function () {","    'use strict';","    var local;","","","","    // run shared js-env code - pre-init","    (function () {","        // init local","        local = {};","        // init modeJs","        local.modeJs = (function () {","            try {","                return typeof navigator.userAgent === 'string' &&","                    typeof document.querySelector('body') === 'object' &&","                    typeof XMLHttpRequest.prototype.open === 'function' &&","                    'browser';","            } catch (errorCaughtBrowser) {","                return module.exports &&","                    typeof process.versions.node === 'string' &&","                    typeof require('http').createServer === 'function' &&","                    'node';","            }","        }());","        // init global","        local.global = local.modeJs === 'browser'","            ? window","            : global;","        // init utility2_rollup","        local = local.global.utility2_rollup || (local.modeJs === 'browser'","            ? local.global.utility2_npmtest_httpp_proxy","            : global.utility2_moduleExports);","        // export local","        local.global.local = local;","    }());","    switch (local.modeJs) {","","","","    // post-init","    // run browser js-env code - post-init","    /* istanbul ignore next */","    case 'browser':","        local.testRunBrowser = function (event) {","            if (!event || (event &&","                    event.currentTarget &&","                    event.currentTarget.className &&","                    event.currentTarget.className.includes &&","                    event.currentTarget.className.includes('onreset'))) {","                // reset output","                Array.from(","                    document.querySelectorAll('body > .resettable')","                ).forEach(function (element) {","                    switch (element.tagName) {","                    case 'INPUT':","                    case 'TEXTAREA':","                        element.value = '';","                        break;","                    default:","                        element.textContent = '';","                    }","                });","            }","            switch (event && event.currentTarget && event.currentTarget.id) {","            case 'testRunButton1':","                // show tests","                if (document.querySelector('#testReportDiv1').style.display === 'none') {","                    document.querySelector('#testReportDiv1').style.display = 'block';","                    document.querySelector('#testRunButton1').textContent =","                        'hide internal test';","                    local.modeTest = true;","                    local.testRunDefault(local);","                // hide tests","                } else {","                    document.querySelector('#testReportDiv1').style.display = 'none';","                    document.querySelector('#testRunButton1').textContent = 'run internal test';","                }","                break;","            // custom-case","            default:","                break;","            }","            if (document.querySelector('#inputTextareaEval1') && (!event || (event &&","                    event.currentTarget &&","                    event.currentTarget.className &&","                    event.currentTarget.className.includes &&","                    event.currentTarget.className.includes('oneval')))) {","                // try to eval input-code","                try {","                    /*jslint evil: true*/","                    eval(document.querySelector('#inputTextareaEval1').value);","                } catch (errorCaught) {","                    console.error(errorCaught);","                }","            }","        };","        // log stderr and stdout to #outputTextareaStdout1","        ['error', 'log'].forEach(function (key) {","            console[key + '_original'] = console[key];","            console[key] = function () {","                var element;","                console[key + '_original'].apply(console, arguments);","                element = document.querySelector('#outputTextareaStdout1');","                if (!element) {","                    return;","                }","                // append text to #outputTextareaStdout1","                element.value += Array.from(arguments).map(function (arg) {","                    return typeof arg === 'string'","                        ? arg","                        : JSON.stringify(arg, null, 4);","                }).join(' ') + '\\n';","                // scroll textarea to bottom","                element.scrollTop = element.scrollHeight;","            };","        });","        // init event-handling","        ['change', 'click', 'keyup'].forEach(function (event) {","            Array.from(document.querySelectorAll('.on' + event)).forEach(function (element) {","                element.addEventListener(event, local.testRunBrowser);","            });","        });","        // run tests","        local.testRunBrowser();","        break;","","","","    // run node js-env code - post-init","    /* istanbul ignore next */","    case 'node':","        // export local","        module.exports = local;","        // require modules","        local.fs = require('fs');","        local.http = require('http');","        local.url = require('url');","        // init assets","        local.assetsDict = local.assetsDict || {};","        /* jslint-ignore-begin */","        local.assetsDict['/assets.index.template.html'] = '\\","<!doctype html>\\n\\","<html lang=\"en\">\\n\\","<head>\\n\\","<meta charset=\"UTF-8\">\\n\\","<meta name=\"viewport\" content=\"width=device-width, initial-scale=1\">\\n\\","<title>{{env.npm_package_name}} (v{{env.npm_package_version}})</title>\\n\\","<style>\\n\\","/*csslint\\n\\","    box-sizing: false,\\n\\","    universal-selector: false\\n\\","*/\\n\\","* {\\n\\","    box-sizing: border-box;\\n\\","}\\n\\","body {\\n\\","    background: #dde;\\n\\","    font-family: Arial, Helvetica, sans-serif;\\n\\","    margin: 2rem;\\n\\","}\\n\\","body > * {\\n\\","    margin-bottom: 1rem;\\n\\","}\\n\\",".utility2FooterDiv {\\n\\","    margin-top: 20px;\\n\\","    text-align: center;\\n\\","}\\n\\","</style>\\n\\","<style>\\n\\","/*csslint\\n\\","*/\\n\\","textarea {\\n\\","    font-family: monospace;\\n\\","    height: 10rem;\\n\\","    width: 100%;\\n\\","}\\n\\","textarea[readonly] {\\n\\","    background: #ddd;\\n\\","}\\n\\","</style>\\n\\","</head>\\n\\","<body>\\n\\","<!-- utility2-comment\\n\\","<div id=\"ajaxProgressDiv1\" style=\"background: #d00; height: 2px; left: 0; margin: 0; padding: 0; position: fixed; top: 0; transition: background 0.5s, width 1.5s; width: 25%;\"></div>\\n\\","utility2-comment -->\\n\\","<h1>\\n\\","<!-- utility2-comment\\n\\","    <a\\n\\","        {{#if env.npm_package_homepage}}\\n\\","        href=\"{{env.npm_package_homepage}}\"\\n\\","        {{/if env.npm_package_homepage}}\\n\\","        target=\"_blank\"\\n\\","    >\\n\\","utility2-comment -->\\n\\","        {{env.npm_package_name}} (v{{env.npm_package_version}})\\n\\","<!-- utility2-comment\\n\\","    </a>\\n\\","utility2-comment -->\\n\\","</h1>\\n\\","<h3>{{env.npm_package_description}}</h3>\\n\\","<!-- utility2-comment\\n\\","<h4><a download href=\"assets.app.js\">download standalone app</a></h4>\\n\\","<button class=\"onclick onreset\" id=\"testRunButton1\">run internal test</button><br>\\n\\","<div id=\"testReportDiv1\" style=\"display: none;\"></div>\\n\\","utility2-comment -->\\n\\","\\n\\","\\n\\","\\n\\","<label>stderr and stdout</label>\\n\\","<textarea class=\"resettable\" id=\"outputTextareaStdout1\" readonly></textarea>\\n\\","<!-- utility2-comment\\n\\","{{#if isRollup}}\\n\\","<script src=\"assets.app.js\"></script>\\n\\","{{#unless isRollup}}\\n\\","utility2-comment -->\\n\\","<script src=\"assets.utility2.rollup.js\"></script>\\n\\","<script src=\"jsonp.utility2._stateInit?callback=window.utility2._stateInit\"></script>\\n\\","<script src=\"assets.npmtest_httpp_proxy.rollup.js\"></script>\\n\\","<script src=\"assets.example.js\"></script>\\n\\","<script src=\"assets.test.js\"></script>\\n\\","<!-- utility2-comment\\n\\","{{/if isRollup}}\\n\\","utility2-comment -->\\n\\","<div class=\"utility2FooterDiv\">\\n\\","    [ this app was created with\\n\\","    <a href=\"https://github.com/kaizhu256/node-utility2\" target=\"_blank\">utility2</a>\\n\\","    ]\\n\\","</div>\\n\\","</body>\\n\\","</html>\\n\\","';","        /* jslint-ignore-end */","        if (local.templateRender) {","            local.assetsDict['/'] = local.templateRender(","                local.assetsDict['/assets.index.template.html'],","                {","                    env: local.objectSetDefault(local.env, {","                        npm_package_description: 'the greatest app in the world!',","                        npm_package_name: 'my-app',","                        npm_package_nameAlias: 'my_app',","                        npm_package_version: '0.0.1'","                    })","                }","            );","        } else {","            local.assetsDict['/'] = local.assetsDict['/assets.index.template.html']","                .replace((/\\{\\{env\\.(\\w+?)\\}\\}/g), function (match0, match1) {","                    // jslint-hack","                    String(match0);","                    switch (match1) {","                    case 'npm_package_description':","                        return 'the greatest app in the world!';","                    case 'npm_package_name':","                        return 'my-app';","                    case 'npm_package_nameAlias':","                        return 'my_app';","                    case 'npm_package_version':","                        return '0.0.1';","                    }","                });","        }","        // run the cli","        if (local.global.utility2_rollup || module !== require.main) {","            break;","        }","        local.assetsDict['/assets.example.js'] =","            local.assetsDict['/assets.example.js'] ||","            local.fs.readFileSync(__filename, 'utf8');","        // bug-workaround - long $npm_package_buildCustomOrg","        /* jslint-ignore-begin */","        local.assetsDict['/assets.npmtest_httpp_proxy.rollup.js'] =","            local.assetsDict['/assets.npmtest_httpp_proxy.rollup.js'] ||","            local.fs.readFileSync(","                local.npmtest_httpp_proxy.__dirname + '/lib.npmtest_httpp_proxy.js',","                'utf8'","            ).replace((/^#!/), '//');","        /* jslint-ignore-end */","        local.assetsDict['/favicon.ico'] = local.assetsDict['/favicon.ico'] || '';","        // if $npm_config_timeout_exit exists,","        // then exit this process after $npm_config_timeout_exit ms","        if (Number(process.env.npm_config_timeout_exit)) {","            setTimeout(process.exit, Number(process.env.npm_config_timeout_exit));","        }","        // start server","        if (local.global.utility2_serverHttp1) {","            break;","        }","        process.env.PORT = process.env.PORT || '8081';","        console.error('server starting on port ' + process.env.PORT);","        local.http.createServer(function (request, response) {","            request.urlParsed = local.url.parse(request.url);","            if (local.assetsDict[request.urlParsed.pathname] !== undefined) {","                response.end(local.assetsDict[request.urlParsed.pathname]);","                return;","            }","            response.statusCode = 404;","            response.end();","        }).listen(process.env.PORT);","        break;","    }","}());",""],"l":{"26":2,"28":2,"33":2,"35":2,"37":2,"38":2,"39":2,"44":1,"51":2,"55":2,"59":2,"61":2,"69":1,"70":2,"76":2,"79":2,"82":2,"83":2,"85":1,"89":2,"92":1,"93":1,"94":1,"96":1,"97":1,"100":1,"101":1,"103":1,"106":1,"108":2,"114":1,"116":1,"118":1,"123":1,"124":2,"125":2,"126":3,"127":3,"128":3,"129":3,"130":1,"133":3,"134":3,"139":3,"143":1,"144":3,"145":1,"149":1,"150":1,"158":1,"160":1,"161":1,"162":1,"164":1,"166":1,"258":1,"259":1,"271":1,"274":6,"275":6,"277":1,"279":2,"281":1,"283":2,"288":1,"289":1,"291":1,"296":1,"303":1,"306":1,"307":1,"310":1,"311":1,"313":1,"314":1,"315":1,"316":1,"317":1,"318":1,"319":1,"321":1,"322":1,"324":1}},"/home/travis/build/npmtest/node-npmtest-httpp-proxy/node_modules/httpp-proxy/lib/node-http-proxy.js":{"path":"/home/travis/build/npmtest/node-npmtest-httpp-proxy/node_modules/httpp-proxy/lib/node-http-proxy.js","s":{"1":8,"2":0,"3":0,"4":0,"5":0,"6":0,"7":0,"8":0,"9":0,"10":0,"11":0,"12":0,"13":0,"14":0,"15":0,"16":0,"17":0,"18":1,"19":0,"20":0,"21":0,"22":0,"23":0,"24":0,"25":0,"26":0,"27":0,"28":0,"29":0,"30":0,"31":0,"32":0,"33":0,"34":0,"35":0,"36":0,"37":0,"38":0,"39":0,"40":0,"41":0,"42":0,"43":0,"44":0,"45":0,"46":0,"47":0,"48":0,"49":0,"50":0,"51":0,"52":0,"53":0,"54":0,"55":0,"56":0,"57":0,"58":0,"59":0,"60":0,"61":0,"62":0,"63":0,"64":0,"65":0,"66":0,"67":0,"68":0,"69":0,"70":0,"71":0,"72":0,"73":0,"74":0,"75":0,"76":0,"77":0,"78":0,"79":0,"80":0,"81":0,"82":0,"83":0,"84":0,"85":0,"86":0,"87":0,"88":0,"89":0,"90":0,"91":0,"92":0,"93":0,"94":0,"95":0,"96":0,"97":0,"98":0,"99":0,"100":0,"101":0,"102":0,"103":0,"104":0,"105":0,"106":0,"107":0,"108":0,"109":0,"110":0,"111":0,"112":0,"113":0,"114":0,"115":0,"116":0,"117":0,"118":0,"119":0,"120":0},"b":{"1":[0,0],"2":[0,0,0,0],"3":[0,0],"4":[0,0],"5":[0,0,0,0,0],"6":[0,0],"7":[0,0],"8":[0,0],"9":[0,0],"10":[0,0],"11":[0,0],"12":[0,0],"13":[0,0,0],"14":[0,0],"15":[0,0],"16":[0,0],"17":[0,0],"18":[0,0,0,0,0,0,0,0,0,0,0,0],"19":[0,0],"20":[0,0],"21":[0,0],"22":[0,0],"23":[0,0],"24":[0,0],"25":[0,0],"26":[0,0],"27":[0,0],"28":[0,0],"29":[0,0],"30":[0,0],"31":[0,0],"32":[0,0],"33":[0,0],"34":[0,0],"35":[0,0],"36":[0,0],"37":[0,0],"38":[0,0],"39":[0,0],"40":[0,0],"41":[0,0],"42":[0,0]},"f":{"1":0,"2":0,"3":0,"4":0,"5":0,"6":0,"7":0,"8":0,"9":0,"10":0,"11":0,"12":0,"13":0,"14":0,"15":0,"16":0,"17":0,"18":0,"19":0,"20":0,"21":0,"22":0,"23":0,"24":0,"25":0,"26":0,"27":0,"28":0,"29":0,"30":0,"31":0,"32":0},"fnMap":{"1":{"name":"(anonymous_1)","line":59,"loc":{"start":{"line":59,"column":23},"end":{"line":59,"column":35}}},"2":{"name":"(anonymous_2)","line":78,"loc":{"start":{"line":78,"column":15},"end":{"line":78,"column":30}}},"3":{"name":"validArguments","line":93,"loc":{"start":{"line":93,"column":2},"end":{"line":93,"column":28}}},"4":{"name":"(anonymous_4)","line":95,"loc":{"start":{"line":95,"column":23},"end":{"line":95,"column":35}}},"5":{"name":"(anonymous_5)","line":98,"loc":{"start":{"line":98,"column":42},"end":{"line":98,"column":54}}},"6":{"name":"(anonymous_6)","line":102,"loc":{"start":{"line":102,"column":27},"end":{"line":102,"column":39}}},"7":{"name":"(anonymous_7)","line":107,"loc":{"start":{"line":107,"column":49},"end":{"line":107,"column":65}}},"8":{"name":"(anonymous_8)","line":144,"loc":{"start":{"line":144,"column":18},"end":{"line":144,"column":38}}},"9":{"name":"(anonymous_9)","line":161,"loc":{"start":{"line":161,"column":20},"end":{"line":161,"column":40}}},"10":{"name":"(anonymous_10)","line":165,"loc":{"start":{"line":165,"column":25},"end":{"line":165,"column":43}}},"11":{"name":"(anonymous_11)","line":177,"loc":{"start":{"line":177,"column":6},"end":{"line":177,"column":26}}},"12":{"name":"(anonymous_12)","line":198,"loc":{"start":{"line":198,"column":21},"end":{"line":198,"column":33}}},"13":{"name":"(anonymous_13)","line":208,"loc":{"start":{"line":208,"column":25},"end":{"line":208,"column":54}}},"14":{"name":"(anonymous_14)","line":241,"loc":{"start":{"line":241,"column":17},"end":{"line":241,"column":32}}},"15":{"name":"(anonymous_15)","line":246,"loc":{"start":{"line":246,"column":26},"end":{"line":246,"column":52}}},"16":{"name":"(anonymous_16)","line":250,"loc":{"start":{"line":250,"column":24},"end":{"line":250,"column":50}}},"17":{"name":"(anonymous_17)","line":255,"loc":{"start":{"line":255,"column":9},"end":{"line":255,"column":21}}},"18":{"name":"(anonymous_18)","line":259,"loc":{"start":{"line":259,"column":13},"end":{"line":259,"column":25}}},"19":{"name":"(anonymous_19)","line":261,"loc":{"start":{"line":261,"column":20},"end":{"line":261,"column":32}}},"20":{"name":"(anonymous_20)","line":267,"loc":{"start":{"line":267,"column":12},"end":{"line":267,"column":24}}},"21":{"name":"(anonymous_21)","line":282,"loc":{"start":{"line":282,"column":24},"end":{"line":282,"column":36}}},"22":{"name":"(anonymous_22)","line":292,"loc":{"start":{"line":292,"column":24},"end":{"line":292,"column":41}}},"23":{"name":"stack","line":307,"loc":{"start":{"line":307,"column":16},"end":{"line":307,"column":52}}},"24":{"name":"(anonymous_24)","line":309,"loc":{"start":{"line":309,"column":32},"end":{"line":309,"column":49}}},"25":{"name":"(anonymous_25)","line":311,"loc":{"start":{"line":311,"column":13},"end":{"line":311,"column":33}}},"26":{"name":"(anonymous_26)","line":312,"loc":{"start":{"line":312,"column":17},"end":{"line":312,"column":32}}},"27":{"name":"_getAgent","line":362,"loc":{"start":{"line":362,"column":20},"end":{"line":362,"column":49}}},"28":{"name":"(anonymous_28)","line":381,"loc":{"start":{"line":381,"column":88},"end":{"line":381,"column":103}}},"29":{"name":"_getProtocol","line":399,"loc":{"start":{"line":399,"column":23},"end":{"line":399,"column":55}}},"30":{"name":"_getBase","line":411,"loc":{"start":{"line":411,"column":19},"end":{"line":411,"column":47}}},"31":{"name":"(anonymous_31)","line":412,"loc":{"start":{"line":412,"column":15},"end":{"line":412,"column":27}}},"32":{"name":"(anonymous_32)","line":415,"loc":{"start":{"line":415,"column":88},"end":{"line":415,"column":103}}}},"statementMap":{"1":{"start":{"line":27,"column":0},"end":{"line":33,"column":21}},"2":{"start":{"line":38,"column":0},"end":{"line":38,"column":38}},"3":{"start":{"line":43,"column":0},"end":{"line":45,"column":98}},"4":{"start":{"line":59,"column":0},"end":{"line":219,"column":2}},"5":{"start":{"line":60,"column":2},"end":{"line":69,"column":11}},"6":{"start":{"line":78,"column":2},"end":{"line":86,"column":5}},"7":{"start":{"line":79,"column":4},"end":{"line":79,"column":29}},"8":{"start":{"line":80,"column":4},"end":{"line":85,"column":5}},"9":{"start":{"line":81,"column":23},"end":{"line":81,"column":34}},"10":{"start":{"line":81,"column":35},"end":{"line":81,"column":41}},"11":{"start":{"line":82,"column":23},"end":{"line":82,"column":34}},"12":{"start":{"line":82,"column":35},"end":{"line":82,"column":41}},"13":{"start":{"line":83,"column":23},"end":{"line":83,"column":43}},"14":{"start":{"line":83,"column":44},"end":{"line":83,"column":50}},"15":{"start":{"line":84,"column":23},"end":{"line":84,"column":38}},"16":{"start":{"line":84,"column":39},"end":{"line":84,"column":63}},"17":{"start":{"line":84,"column":64},"end":{"line":84,"column":70}},"18":{"start":{"line":93,"column":2},"end":{"line":117,"column":3}},"19":{"start":{"line":94,"column":4},"end":{"line":105,"column":5}},"20":{"start":{"line":96,"column":8},"end":{"line":96,"column":28}},"21":{"start":{"line":99,"column":8},"end":{"line":100,"column":74}},"22":{"start":{"line":103,"column":8},"end":{"line":103,"column":43}},"23":{"start":{"line":107,"column":4},"end":{"line":109,"column":7}},"24":{"start":{"line":108,"column":6},"end":{"line":108,"column":33}},"25":{"start":{"line":111,"column":4},"end":{"line":114,"column":5}},"26":{"start":{"line":112,"column":6},"end":{"line":112,"column":61}},"27":{"start":{"line":113,"column":6},"end":{"line":113,"column":19}},"28":{"start":{"line":116,"column":4},"end":{"line":116,"column":16}},"29":{"start":{"line":119,"column":2},"end":{"line":126,"column":3}},"30":{"start":{"line":124,"column":4},"end":{"line":124,"column":29}},"31":{"start":{"line":125,"column":4},"end":{"line":125,"column":11}},"32":{"start":{"line":133,"column":2},"end":{"line":133,"column":50}},"33":{"start":{"line":134,"column":2},"end":{"line":134,"column":52}},"34":{"start":{"line":135,"column":2},"end":{"line":135,"column":52}},"35":{"start":{"line":137,"column":2},"end":{"line":169,"column":3}},"36":{"start":{"line":143,"column":4},"end":{"line":143,"column":35}},"37":{"start":{"line":144,"column":4},"end":{"line":146,"column":7}},"38":{"start":{"line":145,"column":6},"end":{"line":145,"column":35}},"39":{"start":{"line":153,"column":4},"end":{"line":153,"column":38}},"40":{"start":{"line":155,"column":4},"end":{"line":168,"column":5}},"41":{"start":{"line":161,"column":6},"end":{"line":163,"column":9}},"42":{"start":{"line":162,"column":8},"end":{"line":162,"column":37}},"43":{"start":{"line":165,"column":6},"end":{"line":167,"column":9}},"44":{"start":{"line":166,"column":8},"end":{"line":166,"column":38}},"45":{"start":{"line":175,"column":2},"end":{"line":177,"column":59}},"46":{"start":{"line":177,"column":28},"end":{"line":177,"column":57}},"47":{"start":{"line":182,"column":2},"end":{"line":196,"column":3}},"48":{"start":{"line":183,"column":4},"end":{"line":191,"column":5}},"49":{"start":{"line":187,"column":6},"end":{"line":187,"column":30}},"50":{"start":{"line":189,"column":6},"end":{"line":189,"column":54}},"51":{"start":{"line":190,"column":6},"end":{"line":190,"column":13}},"52":{"start":{"line":193,"column":4},"end":{"line":195,"column":83}},"53":{"start":{"line":198,"column":2},"end":{"line":200,"column":5}},"54":{"start":{"line":199,"column":4},"end":{"line":199,"column":18}},"55":{"start":{"line":202,"column":2},"end":{"line":211,"column":3}},"56":{"start":{"line":208,"column":4},"end":{"line":210,"column":7}},"57":{"start":{"line":209,"column":6},"end":{"line":209,"column":53}},"58":{"start":{"line":217,"column":2},"end":{"line":217,"column":23}},"59":{"start":{"line":218,"column":2},"end":{"line":218,"column":16}},"60":{"start":{"line":241,"column":0},"end":{"line":274,"column":2}},"61":{"start":{"line":242,"column":2},"end":{"line":244,"column":12}},"62":{"start":{"line":246,"column":2},"end":{"line":248,"column":5}},"63":{"start":{"line":247,"column":4},"end":{"line":247,"column":42}},"64":{"start":{"line":250,"column":2},"end":{"line":252,"column":5}},"65":{"start":{"line":251,"column":4},"end":{"line":251,"column":41}},"66":{"start":{"line":254,"column":2},"end":{"line":273,"column":4}},"67":{"start":{"line":256,"column":6},"end":{"line":256,"column":41}},"68":{"start":{"line":257,"column":6},"end":{"line":257,"column":39}},"69":{"start":{"line":260,"column":6},"end":{"line":260,"column":17}},"70":{"start":{"line":261,"column":6},"end":{"line":263,"column":8}},"71":{"start":{"line":262,"column":8},"end":{"line":262,"column":67}},"72":{"start":{"line":265,"column":6},"end":{"line":265,"column":43}},"73":{"start":{"line":268,"column":6},"end":{"line":268,"column":17}},"74":{"start":{"line":269,"column":6},"end":{"line":271,"column":7}},"75":{"start":{"line":270,"column":8},"end":{"line":270,"column":39}},"76":{"start":{"line":282,"column":0},"end":{"line":284,"column":2}},"77":{"start":{"line":283,"column":2},"end":{"line":283,"column":20}},"78":{"start":{"line":292,"column":0},"end":{"line":294,"column":2}},"79":{"start":{"line":293,"column":2},"end":{"line":293,"column":21}},"80":{"start":{"line":307,"column":0},"end":{"line":345,"column":2}},"81":{"start":{"line":308,"column":2},"end":{"line":308,"column":13}},"82":{"start":{"line":309,"column":2},"end":{"line":342,"column":5}},"83":{"start":{"line":310,"column":4},"end":{"line":310,"column":23}},"84":{"start":{"line":311,"column":4},"end":{"line":341,"column":6}},"85":{"start":{"line":312,"column":6},"end":{"line":330,"column":8}},"86":{"start":{"line":313,"column":8},"end":{"line":325,"column":9}},"87":{"start":{"line":314,"column":10},"end":{"line":321,"column":11}},"88":{"start":{"line":315,"column":12},"end":{"line":315,"column":26}},"89":{"start":{"line":318,"column":12},"end":{"line":318,"column":33}},"90":{"start":{"line":319,"column":12},"end":{"line":319,"column":56}},"91":{"start":{"line":320,"column":12},"end":{"line":320,"column":45}},"92":{"start":{"line":323,"column":10},"end":{"line":323,"column":65}},"93":{"start":{"line":324,"column":10},"end":{"line":324,"column":17}},"94":{"start":{"line":327,"column":8},"end":{"line":329,"column":9}},"95":{"start":{"line":328,"column":10},"end":{"line":328,"column":26}},"96":{"start":{"line":339,"column":6},"end":{"line":339,"column":29}},"97":{"start":{"line":340,"column":6},"end":{"line":340,"column":28}},"98":{"start":{"line":344,"column":2},"end":{"line":344,"column":16}},"99":{"start":{"line":362,"column":0},"end":{"line":391,"column":1}},"100":{"start":{"line":363,"column":2},"end":{"line":365,"column":3}},"101":{"start":{"line":364,"column":4},"end":{"line":364,"column":70}},"102":{"start":{"line":367,"column":2},"end":{"line":369,"column":3}},"103":{"start":{"line":368,"column":4},"end":{"line":368,"column":44}},"104":{"start":{"line":371,"column":2},"end":{"line":373,"column":12}},"105":{"start":{"line":377,"column":2},"end":{"line":377,"column":56}},"106":{"start":{"line":380,"column":2},"end":{"line":386,"column":3}},"107":{"start":{"line":381,"column":4},"end":{"line":385,"column":7}},"108":{"start":{"line":382,"column":6},"end":{"line":384,"column":7}},"109":{"start":{"line":383,"column":8},"end":{"line":383,"column":42}},"110":{"start":{"line":388,"column":2},"end":{"line":388,"column":29}},"111":{"start":{"line":390,"column":2},"end":{"line":390,"column":15}},"112":{"start":{"line":399,"column":0},"end":{"line":401,"column":2}},"113":{"start":{"line":400,"column":2},"end":{"line":400,"column":91}},"114":{"start":{"line":411,"column":0},"end":{"line":423,"column":2}},"115":{"start":{"line":412,"column":2},"end":{"line":412,"column":30}},"116":{"start":{"line":414,"column":2},"end":{"line":420,"column":3}},"117":{"start":{"line":415,"column":4},"end":{"line":419,"column":7}},"118":{"start":{"line":416,"column":6},"end":{"line":418,"column":7}},"119":{"start":{"line":417,"column":8},"end":{"line":417,"column":51}},"120":{"start":{"line":422,"column":2},"end":{"line":422,"column":16}}},"branchMap":{"1":{"line":79,"type":"binary-expr","locations":[{"start":{"line":79,"column":10},"end":{"line":79,"column":21}},{"start":{"line":79,"column":25},"end":{"line":79,"column":28}}]},"2":{"line":80,"type":"switch","locations":[{"start":{"line":81,"column":6},"end":{"line":81,"column":41}},{"start":{"line":82,"column":6},"end":{"line":82,"column":41}},{"start":{"line":83,"column":6},"end":{"line":83,"column":50}},{"start":{"line":84,"column":6},"end":{"line":84,"column":70}}]},"3":{"line":83,"type":"binary-expr","locations":[{"start":{"line":83,"column":33},"end":{"line":83,"column":36}},{"start":{"line":83,"column":40},"end":{"line":83,"column":42}}]},"4":{"line":96,"type":"binary-expr","locations":[{"start":{"line":96,"column":15},"end":{"line":96,"column":19}},{"start":{"line":96,"column":23},"end":{"line":96,"column":27}}]},"5":{"line":99,"type":"binary-expr","locations":[{"start":{"line":99,"column":15},"end":{"line":99,"column":22}},{"start":{"line":99,"column":27},"end":{"line":99,"column":41}},{"start":{"line":100,"column":11},"end":{"line":100,"column":25}},{"start":{"line":100,"column":29},"end":{"line":100,"column":48}},{"start":{"line":100,"column":52},"end":{"line":100,"column":71}}]},"6":{"line":103,"type":"binary-expr","locations":[{"start":{"line":103,"column":15},"end":{"line":103,"column":23}},{"start":{"line":103,"column":27},"end":{"line":103,"column":42}}]},"7":{"line":111,"type":"if","locations":[{"start":{"line":111,"column":4},"end":{"line":111,"column":4}},{"start":{"line":111,"column":4},"end":{"line":111,"column":4}}]},"8":{"line":119,"type":"if","locations":[{"start":{"line":119,"column":2},"end":{"line":119,"column":2}},{"start":{"line":119,"column":2},"end":{"line":119,"column":2}}]},"9":{"line":133,"type":"binary-expr","locations":[{"start":{"line":133,"column":24},"end":{"line":133,"column":38}},{"start":{"line":133,"column":47},"end":{"line":133,"column":49}}]},"10":{"line":134,"type":"binary-expr","locations":[{"start":{"line":134,"column":24},"end":{"line":134,"column":43}},{"start":{"line":134,"column":47},"end":{"line":134,"column":51}}]},"11":{"line":135,"type":"binary-expr","locations":[{"start":{"line":135,"column":24},"end":{"line":135,"column":43}},{"start":{"line":135,"column":47},"end":{"line":135,"column":51}}]},"12":{"line":137,"type":"if","locations":[{"start":{"line":137,"column":2},"end":{"line":137,"column":2}},{"start":{"line":137,"column":2},"end":{"line":137,"column":2}}]},"13":{"line":137,"type":"binary-expr","locations":[{"start":{"line":137,"column":6},"end":{"line":137,"column":20}},{"start":{"line":137,"column":24},"end":{"line":137,"column":43}},{"start":{"line":137,"column":47},"end":{"line":137,"column":66}}]},"14":{"line":155,"type":"if","locations":[{"start":{"line":155,"column":4},"end":{"line":155,"column":4}},{"start":{"line":155,"column":4},"end":{"line":155,"column":4}}]},"15":{"line":175,"type":"cond-expr","locations":[{"start":{"line":176,"column":6},"end":{"line":176,"column":36}},{"start":{"line":177,"column":6},"end":{"line":177,"column":58}}]},"16":{"line":182,"type":"if","locations":[{"start":{"line":182,"column":2},"end":{"line":182,"column":2}},{"start":{"line":182,"column":2},"end":{"line":182,"column":2}}]},"17":{"line":183,"type":"if","locations":[{"start":{"line":183,"column":4},"end":{"line":183,"column":4}},{"start":{"line":183,"column":4},"end":{"line":183,"column":4}}]},"18":{"line":183,"type":"binary-expr","locations":[{"start":{"line":183,"column":9},"end":{"line":183,"column":22}},{"start":{"line":183,"column":26},"end":{"line":183,"column":39}},{"start":{"line":183,"column":44},"end":{"line":183,"column":76}},{"start":{"line":184,"column":9},"end":{"line":184,"column":23}},{"start":{"line":184,"column":27},"end":{"line":184,"column":40}},{"start":{"line":184,"column":45},"end":{"line":184,"column":76}},{"start":{"line":185,"column":9},"end":{"line":185,"column":22}},{"start":{"line":185,"column":26},"end":{"line":185,"column":40}},{"start":{"line":185,"column":45},"end":{"line":185,"column":76}},{"start":{"line":186,"column":9},"end":{"line":186,"column":23}},{"start":{"line":186,"column":27},"end":{"line":186,"column":41}},{"start":{"line":186,"column":46},"end":{"line":186,"column":76}}]},"19":{"line":193,"type":"cond-expr","locations":[{"start":{"line":194,"column":9},"end":{"line":194,"column":113}},{"start":{"line":195,"column":9},"end":{"line":195,"column":81}}]},"20":{"line":194,"type":"cond-expr","locations":[{"start":{"line":194,"column":25},"end":{"line":194,"column":68}},{"start":{"line":194,"column":71},"end":{"line":194,"column":113}}]},"21":{"line":195,"type":"cond-expr","locations":[{"start":{"line":195,"column":25},"end":{"line":195,"column":52}},{"start":{"line":195,"column":55},"end":{"line":195,"column":81}}]},"22":{"line":202,"type":"if","locations":[{"start":{"line":202,"column":2},"end":{"line":202,"column":2}},{"start":{"line":202,"column":2},"end":{"line":202,"column":2}}]},"23":{"line":313,"type":"if","locations":[{"start":{"line":313,"column":8},"end":{"line":313,"column":8}},{"start":{"line":313,"column":8},"end":{"line":313,"column":8}}]},"24":{"line":314,"type":"if","locations":[{"start":{"line":314,"column":10},"end":{"line":314,"column":10}},{"start":{"line":314,"column":10},"end":{"line":314,"column":10}}]},"25":{"line":327,"type":"if","locations":[{"start":{"line":327,"column":8},"end":{"line":327,"column":8}},{"start":{"line":327,"column":8},"end":{"line":327,"column":8}}]},"26":{"line":363,"type":"if","locations":[{"start":{"line":363,"column":2},"end":{"line":363,"column":2}},{"start":{"line":363,"column":2},"end":{"line":363,"column":2}}]},"27":{"line":363,"type":"binary-expr","locations":[{"start":{"line":363,"column":6},"end":{"line":363,"column":14}},{"start":{"line":363,"column":18},"end":{"line":363,"column":31}}]},"28":{"line":367,"type":"if","locations":[{"start":{"line":367,"column":2},"end":{"line":367,"column":2}},{"start":{"line":367,"column":2},"end":{"line":367,"column":2}}]},"29":{"line":368,"type":"cond-expr","locations":[{"start":{"line":368,"column":35},"end":{"line":368,"column":38}},{"start":{"line":368,"column":41},"end":{"line":368,"column":43}}]},"30":{"line":371,"type":"cond-expr","locations":[{"start":{"line":372,"column":14},"end":{"line":372,"column":56}},{"start":{"line":372,"column":61},"end":{"line":372,"column":101}}]},"31":{"line":372,"type":"cond-expr","locations":[{"start":{"line":372,"column":30},"end":{"line":372,"column":42}},{"start":{"line":372,"column":45},"end":{"line":372,"column":56}}]},"32":{"line":372,"type":"cond-expr","locations":[{"start":{"line":372,"column":77},"end":{"line":372,"column":88}},{"start":{"line":372,"column":91},"end":{"line":372,"column":101}}]},"33":{"line":377,"type":"binary-expr","locations":[{"start":{"line":377,"column":23},"end":{"line":377,"column":41}},{"start":{"line":377,"column":45},"end":{"line":377,"column":55}}]},"34":{"line":380,"type":"if","locations":[{"start":{"line":380,"column":2},"end":{"line":380,"column":2}},{"start":{"line":380,"column":2},"end":{"line":380,"column":2}}]},"35":{"line":380,"type":"binary-expr","locations":[{"start":{"line":380,"column":6},"end":{"line":380,"column":19}},{"start":{"line":380,"column":23},"end":{"line":380,"column":56}}]},"36":{"line":382,"type":"if","locations":[{"start":{"line":382,"column":6},"end":{"line":382,"column":6}},{"start":{"line":382,"column":6},"end":{"line":382,"column":6}}]},"37":{"line":400,"type":"cond-expr","locations":[{"start":{"line":400,"column":26},"end":{"line":400,"column":56}},{"start":{"line":400,"column":61},"end":{"line":400,"column":89}}]},"38":{"line":400,"type":"cond-expr","locations":[{"start":{"line":400,"column":42},"end":{"line":400,"column":48}},{"start":{"line":400,"column":51},"end":{"line":400,"column":56}}]},"39":{"line":400,"type":"cond-expr","locations":[{"start":{"line":400,"column":77},"end":{"line":400,"column":82}},{"start":{"line":400,"column":85},"end":{"line":400,"column":89}}]},"40":{"line":414,"type":"if","locations":[{"start":{"line":414,"column":2},"end":{"line":414,"column":2}},{"start":{"line":414,"column":2},"end":{"line":414,"column":2}}]},"41":{"line":414,"type":"binary-expr","locations":[{"start":{"line":414,"column":6},"end":{"line":414,"column":19}},{"start":{"line":414,"column":23},"end":{"line":414,"column":56}}]},"42":{"line":416,"type":"if","locations":[{"start":{"line":416,"column":6},"end":{"line":416,"column":6}},{"start":{"line":416,"column":6},"end":{"line":416,"column":6}}]}},"code":["/*","  node-http-proxy.js: http proxy for node.js","","  Copyright (c) 2010 Charlie Robbins, Mikeal Rogers, Marak Squires, Fedor Indutny","","  Permission is hereby granted, free of charge, to any person obtaining","  a copy of this software and associated documentation files (the","  \"Software\"), to deal in the Software without restriction, including","  without limitation the rights to use, copy, modify, merge, publish,","  distribute, sublicense, and/or sell copies of the Software, and to","  permit persons to whom the Software is furnished to do so, subject to","  the following conditions:","","  The above copyright notice and this permission notice shall be","  included in all copies or substantial portions of the Software.","","  THE SOFTWARE IS PROVIDED \"AS IS\", WITHOUT WARRANTY OF ANY KIND,","  EXPRESS OR IMPLIED, INCLUDING BUT NOT LIMITED TO THE WARRANTIES OF","  MERCHANTABILITY, FITNESS FOR A PARTICULAR PURPOSE AND","  NONINFRINGEMENT. IN NO EVENT SHALL THE AUTHORS OR COPYRIGHT HOLDERS BE","  LIABLE FOR ANY CLAIM, DAMAGES OR OTHER LIABILITY, WHETHER IN AN ACTION","  OF CONTRACT, TORT OR OTHERWISE, ARISING FROM, OUT OF OR IN CONNECTION","  WITH THE SOFTWARE OR THE USE OR OTHER DEALINGS IN THE SOFTWARE.","","*/","","var util = require('util'),","    http = require('http'),","    https = require('https'),","    httpp = require('httpp'),","    httpps = require('httpps'),","    events = require('events'),","    maxSockets = 100;","","//","// Expose version information through `pkginfo`.","//","require('pkginfo')(module, 'version');","","//","// ### Export the relevant objects exposed by `node-http-proxy`","//","var HttpProxy    = exports.HttpProxy    = require('./node-http-proxy/http-proxy').HttpProxy,","    ProxyTable   = exports.ProxyTable   = require('./node-http-proxy/proxy-table').ProxyTable,","    RoutingProxy = exports.RoutingProxy = require('./node-http-proxy/routing-proxy').RoutingProxy;","","//","// ### function createServer ([port, host, options, handler])","// #### @port {number} **Optional** Port to use on the proxy target host.","// #### @host {string} **Optional** Host of the proxy target.","// #### @options {Object} **Optional** Options for the HttpProxy instance used","// #### @handler {function} **Optional** Request handler for the server","// Returns a server that manages an instance of HttpProxy. Flexible arguments allow for:","//","// * `httpProxy.createServer(9000, 'localhost')`","// * `httpProxy.createServer(9000, 'localhost', options)","// * `httpPRoxy.createServer(function (req, res, proxy) { ... })`","//","exports.createServer = function () {","  var args = Array.prototype.slice.call(arguments),","      handlers = [],","      callback,","      options = {},","      message,","      handler,","      server,","      proxy,","      host,","      port;","","  //","  // Liberally parse arguments of the form:","  //","  //    httpProxy.createServer('localhost', 9000, callback);","  //    httpProxy.createServer({ host: 'localhost', port: 9000 }, callback);","  //    **NEED MORE HERE!!!**","  //","  args.forEach(function (arg) {","    arg = Number(arg) || arg;","    switch (typeof arg) {","      case 'string':   host = arg; break;","      case 'number':   port = arg; break;","      case 'object':   options = arg || {}; break;","      case 'function': callback = arg; handlers.push(callback); break;","    };","  });","","  //","  // Helper function to create intelligent error message(s)","  // for the very liberal arguments parsing performed by","  // `require('http-proxy').createServer()`.","  //","  function validArguments() {","    var conditions = {","      'port and host': function () {","        return port && host;","      },","      'options.target or options.router': function () {","        return options && (options.router ||","          (options.target && options.target.host && options.target.port));","      },","      'or proxy handlers': function () {","        return handlers && handlers.length;","      }","    }","","    var missing = Object.keys(conditions).filter(function (name) {","      return !conditions[name]();","    });","","    if (missing.length === 3) {","      message = 'Cannot proxy without ' + missing.join(', ');","      return false;","    }","","    return true;","  }","","  if (!validArguments()) {","    //","    // If `host`, `port` and `options` are all not passed (with valid","    // options) then this server is improperly configured.","    //","    throw new Error(message);","    return;","  }","","  //","  // Hoist up any explicit `host` or `port` arguments","  // that have been passed in to the options we will","  // pass to the `httpProxy.HttpProxy` constructor.","  //","  options.target      = options.target      || {};","  options.target.port = options.target.port || port;","  options.target.host = options.target.host || host;","","  if (options.target && options.target.host && options.target.port) {","    //","    // If an explicit `host` and `port` combination has been passed","    // to `.createServer()` then instantiate a hot-path optimized","    // `HttpProxy` object and add the \"proxy\" middleware layer.","    //","    proxy = new HttpProxy(options);","    handlers.push(function (req, res) {","      proxy.proxyRequest(req, res);","    });","  }","  else {","    //","    // If no explicit `host` or `port` combination has been passed then","    // we have to assume that this is a \"go-anywhere\" Proxy (i.e. a `RoutingProxy`).","    //","    proxy = new RoutingProxy(options);","","    if (options.router) {","      //","      // If a routing table has been supplied than we assume","      // the user intends us to add the \"proxy\" middleware layer","      // for them","      //","      handlers.push(function (req, res) {","        proxy.proxyRequest(req, res);","      });","","      proxy.on('routes', function (routes) {","        server.emit('routes', routes);","      });","    }","  }","","  //","  // Create the `http[s].Server` instance which will use","  // an instance of `httpProxy.HttpProxy`.","  //","  handler = handlers.length > 1","    ? exports.stack(handlers, proxy)","    : function (req, res) { handlers[0](req, res, proxy) };","  ","  // ","  // Create or hook existing http/https/httpp/httpps server","  //","  if (options.server) {","    if ((options.httpp && options.https && (options.server instanceof httpps)) ||","        (!options.httpp && options.https && (options.server instanceof https)) ||","        (options.httpp && !options.https && (options.server instanceof httpp)) ||","        (!options.httpp && !options.https && (options.server instanceof http))) {","      server = options.server;","    } else {","      throw new Error('Invalid http server instance');","      return;","    }","  } else {","    server = options.https","      ? (options.httpp ? httpps.createServer(options.https, handler) : https.createServer(options.https, handler))","      : (options.httpp ? httpp.createServer(handler) : http.createServer(handler));","  }","","  server.on('close', function () {","    proxy.close();","  });","","  if (!callback) {","    //","    // If an explicit callback has not been supplied then","    // automagically proxy the request using the `HttpProxy`","    // instance we have created.","    //","    server.on('upgrade', function (req, socket, head) {","      proxy.proxyWebSocketRequest(req, socket, head);","    });","  }","","  //","  // Set the proxy on the server so it is available","  // to the consumer of the server","  //","  server.proxy = proxy;","  return ser
[...]
ype":"binary-expr","locations":[{"start":{"line":93,"column":30},"end":{"line":93,"column":44}},{"start":{"line":93,"column":54},"end":{"line":93,"column":56}}]},"14":{"line":94,"type":"binary-expr","locations":[{"start":{"line":94,"column":30},"end":{"line":94,"column":49}},{"start":{"line":94,"column":54},"end":{"line":94,"column":66}}]},"15":{"line":95,"type":"binary-expr","locations":[{"start":{"line":95,"column":30},"end":{"line":95,"column":49}},{"start":{"line":95,"column":54},"end":{"line":95,"column":66}}]},"16":{"line":96,"type":"binary-expr","locations":[{"start":{"line":96,"column":30},"end":{"line":96,"column":55}},{"start":{"line":96,"column":59},"end":{"line":96,"column":77}}]},"17":{"line":97,"type":"binary-expr","locations":[{"start":{"line":97,"column":30},"end":{"line":97,"column":41}},{"start":{"line":97,"column":45},"end":{"line":97,"column":62}},{"start":{"line":98,"column":30},"end":{"line":98,"column":44}},{"start":{"line":98,"column":48},"end":{"line":98,"column":68}}]},"18":{"line":99,"type":"binary-expr","locations":[{"start":{"line":99,"column":30},"end":{"line":99,"column":41}},{"start":{"line":99,"column":45},"end":{"line":99,"column":67}}]},"19":{"line":101,"type":"binary-expr","locations":[{"start":{"line":101,"column":30},"end":{"line":101,"column":41}},{"start":{"line":101,"column":45},"end":{"line":101,"column":62}},{"start":{"line":102,"column":30},"end":{"line":102,"column":44}},{"start":{"line":102,"column":48},"end":{"line":102,"column":68}}]},"20":{"line":104,"type":"binary-expr","locations":[{"start":{"line":104,"column":33},"end":{"line":104,"column":78}},{"start":{"line":105,"column":33},"end":{"line":105,"column":84}}]},"21":{"line":104,"type":"cond-expr","locations":[{"start":{"line":104,"column":47},"end":{"line":104,"column":71}},{"start":{"line":104,"column":74},"end":{"line":104,"column":78}}]},"22":{"line":105,"type":"cond-expr","locations":[{"start":{"line":105,"column":50},"end":{"line":105,"column":77}},{"start":{"line":105,"column":80},"end":{"line":105,"column":84}}]},"23":{"line":112,"type":"if","locations":[{"start":{"line":112,"column":4},"end":{"line":112,"column":4}},{"start":{"line":112,"column":4},"end":{"line":112,"column":4}}]},"24":{"line":112,"type":"binary-expr","locations":[{"start":{"line":112,"column":8},"end":{"line":112,"column":30}},{"start":{"line":112,"column":34},"end":{"line":112,"column":43}}]},"25":{"line":119,"type":"if","locations":[{"start":{"line":119,"column":2},"end":{"line":119,"column":2}},{"start":{"line":119,"column":2},"end":{"line":119,"column":2}}]},"26":{"line":123,"type":"if","locations":[{"start":{"line":123,"column":2},"end":{"line":123,"column":2}},{"start":{"line":123,"column":2},"end":{"line":123,"column":2}}]},"27":{"line":163,"type":"if","locations":[{"start":{"line":163,"column":2},"end":{"line":163,"column":2}},{"start":{"line":163,"column":2},"end":{"line":163,"column":2}}]},"28":{"line":193,"type":"binary-expr","locations":[{"start":{"line":193,"column":12},"end":{"line":193,"column":19}},{"start":{"line":193,"column":23},"end":{"line":193,"column":25}}]},"29":{"line":203,"type":"if","locations":[{"start":{"line":203,"column":2},"end":{"line":203,"column":2}},{"start":{"line":203,"column":2},"end":{"line":203,"column":2}}]},"30":{"line":203,"type":"binary-expr","locations":[{"start":{"line":203,"column":6},"end":{"line":203,"column":21}},{"start":{"line":203,"column":25},"end":{"line":203,"column":38}}]},"31":{"line":210,"type":"if","locations":[{"start":{"line":210,"column":4},"end":{"line":210,"column":4}},{"start":{"line":210,"column":4},"end":{"line":210,"column":4}}]},"32":{"line":212,"type":"if","locations":[{"start":{"line":212,"column":8},"end":{"line":212,"column":8}},{"start":{"line":212,"column":8},"end":{"line":212,"column":8}}]},"33":{"line":239,"type":"if","locations":[{"start":{"line":239,"column":2},"end":{"line":239,"column":2}},{"start":{"line":239,"column":2},"end":{"line":239,"column":2}}]},"34":{"line":239,"type":"binary-expr","locations":[{"start":{"line":239,"column":7},"end":{"line":239,"column":18}},{"start":{"line":239,"column":22},"end":{"line":239,"column":39}},{"start":{"line":240,"column":8},"end":{"line":240,"column":16}},{"start":{"line":240,"column":20},"end":{"line":240,"column":49}}]},"35":{"line":241,"type":"binary-expr","locations":[{"start":{"line":241,"column":21},"end":{"line":241,"column":35}},{"start":{"line":241,"column":39},"end":{"line":241,"column":41}}]},"36":{"line":245,"type":"if","locations":[{"start":{"line":245,"column":2},"end":{"line":245,"column":2}},{"start":{"line":245,"column":2},"end":{"line":245,"column":2}}]},"37":{"line":245,"type":"binary-expr","locations":[{"start":{"line":245,"column":6},"end":{"line":245,"column":17}},{"start":{"line":245,"column":21},"end":{"line":245,"column":38}}]},"38":{"line":246,"type":"binary-expr","locations":[{"start":{"line":246,"column":21},"end":{"line":246,"column":35}},{"start":{"line":246,"column":39},"end":{"line":246,"column":41}}]},"39":{"line":250,"type":"if","locations":[{"start":{"line":250,"column":2},"end":{"line":250,"column":2}},{"start":{"line":250,"column":2},"end":{"line":250,"column":2}}]},"40":{"line":250,"type":"binary-expr","locations":[{"start":{"line":250,"column":6},"end":{"line":250,"column":17}},{"start":{"line":250,"column":21},"end":{"line":250,"column":45}}]},"41":{"line":251,"type":"binary-expr","locations":[{"start":{"line":251,"column":21},"end":{"line":251,"column":35}},{"start":{"line":251,"column":39},"end":{"line":251,"column":41}}]},"42":{"line":255,"type":"if","locations":[{"start":{"line":255,"column":2},"end":{"line":255,"column":2}},{"start":{"line":255,"column":2},"end":{"line":255,"column":2}}]},"43":{"line":277,"type":"binary-expr","locations":[{"start":{"line":277,"column":12},"end":{"line":277,"column":19}},{"start":{"line":277,"column":23},"end":{"line":277,"column":25}}]},"44":{"line":283,"type":"if","locations":[{"start":{"line":283,"column":2},"end":{"line":283,"column":2}},{"start":{"line":283,"column":2},"end":{"line":283,"column":2}}]},"45":{"line":283,"type":"binary-expr","locations":[{"start":{"line":283,"column":6},"end":{"line":283,"column":21}},{"start":{"line":283,"column":25},"end":{"line":283,"column":38}}]},"46":{"line":286,"type":"if","locations":[{"start":{"line":286,"column":4},"end":{"line":286,"column":4}},{"start":{"line":286,"column":4},"end":{"line":286,"column":4}}]},"47":{"line":296,"type":"if","locations":[{"start":{"line":296,"column":2},"end":{"line":296,"column":2}},{"start":{"line":296,"column":2},"end":{"line":296,"column":2}}]},"48":{"line":311,"type":"if","locations":[{"start":{"line":311,"column":2},"end":{"line":311,"column":2}},{"start":{"line":311,"column":2},"end":{"line":311,"column":2}}]},"49":{"line":322,"type":"if","locations":[{"start":{"line":322,"column":2},"end":{"line":322,"column":2}},{"start":{"line":322,"column":2},"end":{"line":322,"column":2}}]},"50":{"line":335,"type":"if","locations":[{"start":{"line":335,"column":2},"end":{"line":335,"column":2}},{"start":{"line":335,"column":2},"end":{"line":335,"column":2}}]},"51":{"line":335,"type":"binary-expr","locations":[{"start":{"line":335,"column":6},"end":{"line":335,"column":14}},{"start":{"line":335,"column":20},"end":{"line":335,"column":33}},{"start":{"line":335,"column":37},"end":{"line":335,"column":50}},{"start":{"line":336,"column":8},"end":{"line":336,"column":23}},{"start":{"line":336,"column":27},"end":{"line":336,"column":47}},{"start":{"line":336,"column":51},"end":{"line":336,"column":71}}]},"52":{"line":341,"type":"binary-expr","locations":[{"start":{"line":341,"column":4},"end":{"line":341,"column":16}},{"start":{"line":341,"column":20},"end":{"line":341,"column":39}}]},"53":{"line":342,"type":"binary-expr","locations":[{"start":{"line":342,"column":4},"end":{"line":342,"column":16}},{"start":{"line":342,"column":20},"end":{"line":342,"column":39}}]}},"code":["/*"," * routing-proxy.js: A routing proxy consuming a RoutingTable and multiple HttpProxy instances"," *"," * (C) 2011 Nodejitsu Inc."," * MIT LICENCE"," *"," */","","var events = require('events'),","    utile = require('utile'),","    HttpProxy = require('./http-proxy').HttpProxy,","    ProxyTable = require('./proxy-table').ProxyTable;","","//","// ### function RoutingProxy (options)","// #### @options {Object} Options for this instance","// Constructor function for the RoutingProxy object, a higher level","// reverse proxy Object which can proxy to multiple hosts and also interface","// easily with a RoutingTable instance.","//","var RoutingProxy = exports.RoutingProxy = function (options) {","  events.EventEmitter.call(this);","","  var self = this;","  options = options || {};","","  if (options.router) {","    this.proxyTable = new ProxyTable(options);","    this.proxyTable.on('routes', function (routes) {","      self.emit('routes', routes);","    });","  }","","  //","  // Create a set of `HttpProxy` objects to be used later on calls","  // to `.proxyRequest()` and `.proxyWebSocketRequest()`.","  //","  this.proxies = {};","","  //","  // Setup default target options (such as `https`, 'httpp').","  //","  this.target = {};","  this.target.https = options.target && options.target.https;","  this.target.maxSockets = options.target && options.target.maxSockets;","  ","  this.target.httpp = options.target && options.target.httpp;","  this.target.localAddress = options.target ? options.target.localAddress : null;","  ","  //","  // Setup other default options to be used for instances of","  // `HttpProxy` created by this `RoutingProxy` instance.","  //","  this.source  = options.source    || { host: 'localhost', port: 8000 };","  this.https   = this.source.https || options.https;","  this.httpp   = this.source.httpp || options.httpp;","  this.enable  = options.enable;","  this.forward = options.forward;","  this.changeOrigin = options.changeOrigin || false;","","  //","  // Listen for 'newListener' events so that we can bind 'proxyError'","  // listeners to each HttpProxy's 'proxyError' event.","  //","  this.on('newListener', function (evt) {","    if (evt === 'proxyError' || evt === 'webSocketProxyError') {","      Object.keys(self.proxies).forEach(function (key) {","        self.proxies[key].on(evt, self.emit.bind(self, evt));","      });","    }","  });","};","","","//","// Inherit from `events.EventEmitter`.","//","utile.inherits(RoutingProxy, events.EventEmitter);","","//","// ### function add (options)","// #### @options {Object} Options for the `HttpProxy` to add.","// Adds a new instance of `HttpProxy` to this `RoutingProxy` instance","// for the specified `options.host` and `options.port`.","//","RoutingProxy.prototype.add = function (options) {","  var self = this,","      key = this._getKey(options);","","  //","  // TODO: Consume properties in `options` related to the `ProxyTable`.","  //","  options.target            = options.target       || {};","  options.target.host       = options.target.host  || options.host;","  options.target.port       = options.target.port  || options.port;","  options.target.socketPath = options.target.socketPath || options.socketPath;","  options.target.https      = this.target && this.target.https ||","                              options.target && options.target.https;","  options.target.maxSockets = this.target && this.target.maxSockets;","  ","  options.target.httpp      = this.target && this.target.httpp ||","                              options.target && options.target.httpp;","","  options.target.localAddress = (this.target ? this.target.localAddress : null) ||","                                (options.target ? options.target.localAddress : null);","                        ","  //","  // Setup options to pass-thru to the new `HttpProxy` instance","  // for the specified `options.host` and `options.port` pair.","  //","  ['https', 'httpp', 'enable', 'forward', 'changeOrigin'].forEach(function (key) {","    if (options[key] !== false && self[key]) {","      options[key] = self[key];","    }","  });","","  this.proxies[key] = new HttpProxy(options);","","  if (this.listeners('proxyError').length > 0) {","    this.proxies[key].on('proxyError', this.emit.bind(this, 'proxyError'));","  }","","  if (this.listeners('webSocketProxyError').length > 0) {","    this.proxies[key].on('webSocketProxyError', this.emit.bind(this, 'webSocketProxyError'));","  }","","  [","    'start',","    'forward',","    'end',","    'proxyResponse',","    'websocket:start',","    'websocket:end',","    'websocket:incoming',","    'websocket:outgoing'","  ].forEach(function (event) {","    this.proxies[key].on(event, this.emit.bind(this, event));","  }, this);","};","","//","// ### function remove (options)","// #### @options {Object} Options mapping to the `HttpProxy` to remove.","// Removes an instance of `HttpProxy` from this `RoutingProxy` instance","// for the specified `options.host` and `options.port` (if they exist).","//","RoutingProxy.prototype.remove = function (options) {","  var key = this._getKey(options),","      proxy = this.proxies[key];","","  delete this.proxies[key];","  return proxy;","};","","//","// ### function close()","// Cleans up any state left behind (sockets, timeouts, etc)","// associated with this instance.","//","RoutingProxy.prototype.close = function () {","  var self = this;","","  if (this.proxyTable) {","    //","    // Close the `RoutingTable` associated with","    // this instance (if any).","    //","    this.proxyTable.close();","  }","","  //","  // Close all sockets for all `HttpProxy` object(s)","  // associated with this instance.","  //","  Object.keys(this.proxies).forEach(function (key) {","    self.proxies[key].close();","  });","};","","//","// ### function proxyRequest (req, res, [port, host, paused])","// #### @req {ServerRequest} Incoming HTTP Request to proxy.","// #### @res {ServerResponse} Outgoing HTTP Request to write proxied data to.","// #### @options {Object} Options for the outgoing proxy request.","//","//     options.port {number} Port to use on the proxy target host.","//     options.host {string} Host of the proxy target.","//     options.buffer {Object} Result from `httpProxy.buffer(req)`","//     options.https {Object|boolean} Settings for https.","//     options.httpp {boolean} Settings for httpp.","//","RoutingProxy.prototype.proxyRequest = function (req, res, options) {","  options = options || {};","","  var location;","","  //","  // Check the proxy table for this instance to see if we need","  // to get the proxy location for the request supplied. We will","  // always ignore the proxyTable if an explicit `port` and `host`","  // arguments are supplied to `proxyRequest`.","  //","  if (this.proxyTable && !options.host) {","    location = this.proxyTable.getProxyLocation(req);","","    //","    // If no location is returned from the ProxyTable instance","    // then respond with `404` since we do not have a valid proxy target.","    //","    if (!location) {","      try {","        if (!this.emit('notFound', req, res)) {","          res.writeHead(404);","          res.end();","        }","      }","      catch (er) {","        console.error(\"res.writeHead/res.end error: %s\", er.message);","      }","","      return;","    }","","    //","    // When using the ProxyTable in conjunction with an HttpProxy instance","    // only the following arguments are valid:","    //","    // * `proxy.proxyRequest(req, res, { host: 'localhost' })`: This will be skipped","    // * `proxy.proxyRequest(req, res, { buffer: buffer })`: Buffer will get updated appropriately","    // * `proxy.proxyRequest(req, res)`: Options will be assigned appropriately.","    //","    options.port = location.port;","    options.host = location.host;","  }","","  var key = this._getKey(options),","      proxy;","","  if ((this.target && this.target.https)","    || (location && location.protocol === 'https')) {","    options.target = options.target || {};","    options.target.https = true;","  }","  ","  if (this.target && this.target.httpp) {","    options.target = options.target || {};","    options.target.httpp = true;","  }","  ","  if (this.target && this.target.localAddress) {","    options.target = options.target || {};","    options.target.localAddress = this.target.localAddress;","  }","  ","  if (!this.proxies[key]) {","    this.add(utile.clone(options));","  }","","  proxy = this.proxies[key];","  proxy.proxyRequest(req, res, options.buffer);","};","","//","// ### function proxyWebSocketRequest (req, socket, head, options)","// #### @req {ServerRequest} Websocket request to proxy.","// #### @socket {net.Socket} Socket for the underlying HTTP request","// #### @head {string} Headers for the Websocket request.","// #### @options {Object} Options to use when proxying this request.","//","//     options.port {number} Port to use on the proxy target host.","//     options.host {string} Host of the proxy target.","//     options.buffer {Object} Result from `httpProxy.buffer(req)`","//     options.https {Object|boolean} Settings for https.","//     options.httpp {boolean} Settings for httpp.","//","RoutingProxy.prototype.proxyWebSocketRequest = function (req, socket, head, options) {","  options = options || {};","","  var location,","      proxy,","      key;","","  if (this.proxyTable && !options.host) {","    location = this.proxyTable.getProxyLocation(req);","","    if (!location) {","      return socket.destroy();","    }","","    options.port = location.port;","    options.host = location.host;","  }","","  key = this._getKey(options);","","  if (!this.proxies[key]) {","    this.add(utile.clone(options));","  }","","  proxy = this.proxies[key];","  proxy.proxyWebSocketRequest(req, socket, head, options.buffer);","};","","//","// ### function addHost (host, target)","// #### @host {String} Host to add to proxyTable","// #### @target {String} Target to add to proxyTable","// Adds a host to proxyTable","//","RoutingProxy.prototype.addHost = function (host, target) {","  if (this.proxyTable) {","    this.proxyTable.addRoute(host, target);","  }","};","","//","// ### function removeHost (host)","// #### @host {String} Host to remove from proxyTable","// Removes a host to proxyTable","//","RoutingProxy.prototype.removeHost = function (host) {","  if (this.proxyTable) {","    this.proxyTable.removeRoute(host);","  }","};","","//","// ### @private function _getKey (options)","// #### @options {Object} Options to extract the key from","// Ensures that the appropriate options are present in the `options`","// provided and responds with a string key representing the `host`, `port`","// combination contained within.","//","RoutingProxy.prototype._getKey = function (options) {","  if (!options || ((!options.host || !options.port)","    && (!options.target || !options.target.host || !options.target.port))) {","    throw new Error('options.host and options.port or options.target are required.');","  }","","  return [","    options.host || options.target.host,","    options.port || options.target.port","  ].join(':');","};",""],"l":{"9":2,"21":0,"22":0,"24":0,"25":0,"27":0,"28":0,"29":0,"30":0,"38":0,"43":0,"44":0,"45":0,"47":0,"48":0,"54":0,"55":0,"56":0,"57":0,"58":0,"59":0,"65":0,"66":0,"67":0,"68":0,"78":0,"86":0,"87":0,"93":0,"94":0,"95":0,"96":0,"97":0,"99":0,"101":0,"104":0,"111":0,"112":0,"113":0,"117":0,"119":0,"120":0,"123":0,"124":0,"127":0,"137":0,"147":0,"148":0,"151":0,"152":0,"160":0,"161":0,"163":0,"168":0,"175":0,"176":0,"192":0,"193":0,"195":0,"203":0,"204":0,"210":0,"211":0,"212":0,"213":0,"214":0,"218":0,"221":0,"232":0,"233":0,"236":0,"239":0,"241":0,"242":0,"245":0,"246":0,"247":0,"250":0,"251":0,"252":0,"255":0,"256":0,"259":0,"260":0,"276":0,"277":0,"279":0,"283":0,"284":0,"286":0,"287":0,"290":0,"291":0,"294":0,"296":0,"297":0,"300":0,"301":0,"310":0,"311":0,"312":0,"321":0,"322":0,"323":0,"334":0,"335":0,"337":0,"340":0}}}